{"/private/var/folders/fk/890t3kgx75z_qsr9t6v3c_x40000gn/T/vibe-kanban/worktrees/55a4-create-baseline/trybe-rn/jest.config.js": {"path":"/private/var/folders/fk/890t3kgx75z_qsr9t6v3c_x40000gn/T/vibe-kanban/worktrees/55a4-create-baseline/trybe-rn/jest.config.js","statementMap":{"0":{"start":{"line":1,"column":0},"end":{"line":25,"column":2}}},"fnMap":{},"branchMap":{},"s":{"0":0},"f":{},"b":{}}
,"/private/var/folders/fk/890t3kgx75z_qsr9t6v3c_x40000gn/T/vibe-kanban/worktrees/55a4-create-baseline/trybe-rn/metro.config.js": {"path":"/private/var/folders/fk/890t3kgx75z_qsr9t6v3c_x40000gn/T/vibe-kanban/worktrees/55a4-create-baseline/trybe-rn/metro.config.js","statementMap":{"0":{"start":{"line":1,"column":27},"end":{"line":1,"column":54}},"1":{"start":{"line":2,"column":32},"end":{"line":2,"column":69}},"2":{"start":{"line":6,"column":15},"end":{"line":6,"column":45}},"3":{"start":{"line":8,"column":0},"end":{"line":8,"column":82}}},"fnMap":{},"branchMap":{},"s":{"0":0,"1":0,"2":0,"3":0},"f":{},"b":{}}
,"/private/var/folders/fk/890t3kgx75z_qsr9t6v3c_x40000gn/T/vibe-kanban/worktrees/55a4-create-baseline/trybe-rn/nativewind-env.d.ts": {"path":"/private/var/folders/fk/890t3kgx75z_qsr9t6v3c_x40000gn/T/vibe-kanban/worktrees/55a4-create-baseline/trybe-rn/nativewind-env.d.ts","statementMap":{},"fnMap":{},"branchMap":{},"s":{},"f":{},"b":{}}
,"/private/var/folders/fk/890t3kgx75z_qsr9t6v3c_x40000gn/T/vibe-kanban/worktrees/55a4-create-baseline/trybe-rn/prettier.config.js": {"path":"/private/var/folders/fk/890t3kgx75z_qsr9t6v3c_x40000gn/T/vibe-kanban/worktrees/55a4-create-baseline/trybe-rn/prettier.config.js","statementMap":{"0":{"start":{"line":1,"column":0},"end":{"line":10,"column":2}}},"fnMap":{},"branchMap":{},"s":{"0":0},"f":{},"b":{}}
,"/private/var/folders/fk/890t3kgx75z_qsr9t6v3c_x40000gn/T/vibe-kanban/worktrees/55a4-create-baseline/trybe-rn/tailwind.config.js": {"path":"/private/var/folders/fk/890t3kgx75z_qsr9t6v3c_x40000gn/T/vibe-kanban/worktrees/55a4-create-baseline/trybe-rn/tailwind.config.js","statementMap":{"0":{"start":{"line":1,"column":42},"end":{"line":1,"column":69}},"1":{"start":{"line":2,"column":15},"end":{"line":2,"column":44}},"2":{"start":{"line":4,"column":0},"end":{"line":82,"column":2}},"3":{"start":{"line":85,"column":2},"end":{"line":96,"column":4}},"4":{"start":{"line":86,"column":4},"end":{"line":91,"column":5}},"5":{"start":{"line":87,"column":6},"end":{"line":90,"column":9}},"6":{"start":{"line":92,"column":4},"end":{"line":95,"column":7}}},"fnMap":{"0":{"name":"withOpacity","decl":{"start":{"line":84,"column":9},"end":{"line":84,"column":20}},"loc":{"start":{"line":84,"column":35},"end":{"line":97,"column":1}},"line":84},"1":{"name":"(anonymous_1)","decl":{"start":{"line":85,"column":9},"end":{"line":85,"column":10}},"loc":{"start":{"line":85,"column":31},"end":{"line":96,"column":3}},"line":85}},"branchMap":{"0":{"loc":{"start":{"line":86,"column":4},"end":{"line":91,"column":5}},"type":"if","locations":[{"start":{"line":86,"column":4},"end":{"line":91,"column":5}},{"start":{},"end":{}}],"line":86}},"s":{"0":0,"1":0,"2":0,"3":0,"4":0,"5":0,"6":0},"f":{"0":0,"1":0},"b":{"0":[0,0]}}
,"/private/var/folders/fk/890t3kgx75z_qsr9t6v3c_x40000gn/T/vibe-kanban/worktrees/55a4-create-baseline/trybe-rn/types.d.ts": {"path":"/private/var/folders/fk/890t3kgx75z_qsr9t6v3c_x40000gn/T/vibe-kanban/worktrees/55a4-create-baseline/trybe-rn/types.d.ts","statementMap":{},"fnMap":{},"branchMap":{},"s":{},"f":{},"b":{}}
,"/private/var/folders/fk/890t3kgx75z_qsr9t6v3c_x40000gn/T/vibe-kanban/worktrees/55a4-create-baseline/trybe-rn/.claude/hooks/error-handling-reminder.ts": {"path":"/private/var/folders/fk/890t3kgx75z_qsr9t6v3c_x40000gn/T/vibe-kanban/worktrees/55a4-create-baseline/trybe-rn/.claude/hooks/error-handling-reminder.ts","statementMap":{"0":{"start":{"line":25,"column":4},"end":{"line":28,"column":63}},"1":{"start":{"line":28,"column":45},"end":{"line":28,"column":63}},"2":{"start":{"line":31,"column":4},"end":{"line":35,"column":56}},"3":{"start":{"line":35,"column":39},"end":{"line":35,"column":56}},"4":{"start":{"line":38,"column":4},"end":{"line":40,"column":61}},"5":{"start":{"line":40,"column":43},"end":{"line":40,"column":61}},"6":{"start":{"line":42,"column":4},"end":{"line":42,"column":19}},"7":{"start":{"line":47,"column":4},"end":{"line":47,"column":65}},"8":{"start":{"line":47,"column":52},"end":{"line":47,"column":65}},"9":{"start":{"line":48,"column":4},"end":{"line":48,"column":64}},"10":{"start":{"line":48,"column":51},"end":{"line":48,"column":64}},"11":{"start":{"line":49,"column":4},"end":{"line":49,"column":50}},"12":{"start":{"line":49,"column":37},"end":{"line":49,"column":50}},"13":{"start":{"line":50,"column":4},"end":{"line":50,"column":54}},"14":{"start":{"line":50,"column":41},"end":{"line":50,"column":54}},"15":{"start":{"line":53,"column":4},"end":{"line":53,"column":57}},"16":{"start":{"line":63,"column":4},"end":{"line":65,"column":5}},"17":{"start":{"line":64,"column":8},"end":{"line":64,"column":114}},"18":{"start":{"line":67,"column":20},"end":{"line":67,"column":51}},"19":{"start":{"line":69,"column":4},"end":{"line":75,"column":6}},"20":{"start":{"line":79,"column":4},"end":{"line":219,"column":5}},"21":{"start":{"line":81,"column":22},"end":{"line":81,"column":46}},"22":{"start":{"line":82,"column":32},"end":{"line":82,"column":49}},"23":{"start":{"line":84,"column":31},"end":{"line":84,"column":35}},"24":{"start":{"line":85,"column":27},"end":{"line":85,"column":74}},"25":{"start":{"line":88,"column":25},"end":{"line":88,"column":94}},"26":{"start":{"line":89,"column":29},"end":{"line":89,"column":63}},"27":{"start":{"line":91,"column":8},"end":{"line":94,"column":9}},"28":{"start":{"line":93,"column":12},"end":{"line":93,"column":28}},"29":{"start":{"line":97,"column":32},"end":{"line":97,"column":67}},"30":{"start":{"line":98,"column":28},"end":{"line":105,"column":14}},"31":{"start":{"line":101,"column":28},"end":{"line":101,"column":43}},"32":{"start":{"line":103,"column":48},"end":{"line":103,"column":64}},"33":{"start":{"line":104,"column":16},"end":{"line":104,"column":49}},"34":{"start":{"line":107,"column":8},"end":{"line":109,"column":9}},"35":{"start":{"line":108,"column":12},"end":{"line":108,"column":28}},"36":{"start":{"line":112,"column":27},"end":{"line":117,"column":9}},"37":{"start":{"line":123,"column":13},"end":{"line":123,"column":15}},"38":{"start":{"line":125,"column":8},"end":{"line":133,"column":9}},"39":{"start":{"line":126,"column":12},"end":{"line":126,"column":63}},"40":{"start":{"line":126,"column":54},"end":{"line":126,"column":63}},"41":{"start":{"line":128,"column":29},"end":{"line":128,"column":55}},"42":{"start":{"line":129,"column":12},"end":{"line":129,"column":49}},"43":{"start":{"line":131,"column":29},"end":{"line":131,"column":58}},"44":{"start":{"line":132,"column":12},"end":{"line":132,"column":74}},"45":{"start":{"line":136,"column":31},"end":{"line":143,"column":9}},"46":{"start":{"line":138,"column":16},"end":{"line":142,"column":35}},"47":{"start":{"line":145,"column":8},"end":{"line":148,"column":9}},"48":{"start":{"line":147,"column":12},"end":{"line":147,"column":28}},"49":{"start":{"line":151,"column":8},"end":{"line":151,"column":65}},"50":{"start":{"line":152,"column":8},"end":{"line":152,"column":52}},"51":{"start":{"line":153,"column":8},"end":{"line":153,"column":65}},"52":{"start":{"line":156,"column":8},"end":{"line":179,"column":9}},"53":{"start":{"line":157,"column":33},"end":{"line":157,"column":86}},"54":{"start":{"line":157,"column":61},"end":{"line":157,"column":85}},"55":{"start":{"line":158,"column":32},"end":{"line":158,"column":78}},"56":{"start":{"line":158,"column":55},"end":{"line":158,"column":77}},"57":{"start":{"line":159,"column":30},"end":{"line":159,"column":74}},"58":{"start":{"line":159,"column":53},"end":{"line":159,"column":73}},"59":{"start":{"line":160,"column":34},"end":{"line":160,"column":82}},"60":{"start":{"line":160,"column":57},"end":{"line":160,"column":81}},"61":{"start":{"line":162,"column":12},"end":{"line":162,"column":56}},"62":{"start":{"line":163,"column":12},"end":{"line":163,"column":76}},"63":{"start":{"line":165,"column":12},"end":{"line":167,"column":13}},"64":{"start":{"line":166,"column":16},"end":{"line":166,"column":91}},"65":{"start":{"line":168,"column":12},"end":{"line":170,"column":13}},"66":{"start":{"line":169,"column":16},"end":{"line":169,"column":85}},"67":{"start":{"line":171,"column":12},"end":{"line":173,"column":13}},"68":{"start":{"line":172,"column":16},"end":{"line":172,"column":85}},"69":{"start":{"line":175,"column":12},"end":{"line":175,"column":58}},"70":{"start":{"line":176,"column":12},"end":{"line":176,"column":75}},"71":{"start":{"line":177,"column":12},"end":{"line":177,"column":77}},"72":{"start":{"line":178,"column":12},"end":{"line":178,"column":78}},"73":{"start":{"line":182,"column":8},"end":{"line":201,"column":9}},"74":{"start":{"line":183,"column":34},"end":{"line":183,"column":88}},"75":{"start":{"line":183,"column":62},"end":{"line":183,"column":87}},"76":{"start":{"line":184,"column":31},"end":{"line":184,"column":77}},"77":{"start":{"line":184,"column":55},"end":{"line":184,"column":76}},"78":{"start":{"line":185,"column":32},"end":{"line":185,"column":79}},"79":{"start":{"line":185,"column":56},"end":{"line":185,"column":78}},"80":{"start":{"line":187,"column":12},"end":{"line":187,"column":56}},"81":{"start":{"line":188,"column":12},"end":{"line":188,"column":77}},"82":{"start":{"line":190,"column":12},"end":{"line":192,"column":13}},"83":{"start":{"line":191,"column":16},"end":{"line":191,"column":84}},"84":{"start":{"line":193,"column":12},"end":{"line":195,"column":13}},"85":{"start":{"line":194,"column":16},"end":{"line":194,"column":70}},"86":{"start":{"line":197,"column":12},"end":{"line":197,"column":59}},"87":{"start":{"line":198,"column":12},"end":{"line":198,"column":82}},"88":{"start":{"line":199,"column":12},"end":{"line":199,"column":73}},"89":{"start":{"line":200,"column":12},"end":{"line":200,"column":74}},"90":{"start":{"line":204,"column":8},"end":{"line":209,"column":9}},"91":{"start":{"line":205,"column":12},"end":{"line":205,"column":58}},"92":{"start":{"line":206,"column":12},"end":{"line":206,"column":77}},"93":{"start":{"line":207,"column":12},"end":{"line":207,"column":76}},"94":{"start":{"line":208,"column":12},"end":{"line":208,"column":57}},"95":{"start":{"line":211,"column":8},"end":{"line":211,"column":63}},"96":{"start":{"line":212,"column":8},"end":{"line":212,"column":66}},"97":{"start":{"line":213,"column":8},"end":{"line":213,"column":65}},"98":{"start":{"line":215,"column":8},"end":{"line":215,"column":24}},"99":{"start":{"line":218,"column":8},"end":{"line":218,"column":24}},"100":{"start":{"line":222,"column":0},"end":{"line":222,"column":36}},"101":{"start":{"line":222,"column":19},"end":{"line":222,"column":34}}},"fnMap":{"0":{"name":"getFileCategory","decl":{"start":{"line":23,"column":9},"end":{"line":23,"column":24}},"loc":{"start":{"line":23,"column":90},"end":{"line":43,"column":1}},"line":23},"1":{"name":"shouldCheckErrorHandling","decl":{"start":{"line":45,"column":9},"end":{"line":45,"column":33}},"loc":{"start":{"line":45,"column":61},"end":{"line":54,"column":1}},"line":45},"2":{"name":"analyzeFileContent","decl":{"start":{"line":56,"column":9},"end":{"line":56,"column":27}},"loc":{"start":{"line":62,"column":2},"end":{"line":76,"column":1}},"line":62},"3":{"name":"main","decl":{"start":{"line":78,"column":15},"end":{"line":78,"column":19}},"loc":{"start":{"line":78,"column":22},"end":{"line":220,"column":1}},"line":78},"4":{"name":"(anonymous_4)","decl":{"start":{"line":101,"column":20},"end":{"line":101,"column":21}},"loc":{"start":{"line":101,"column":28},"end":{"line":101,"column":43}},"line":101},"5":{"name":"(anonymous_5)","decl":{"start":{"line":102,"column":17},"end":{"line":102,"column":18}},"loc":{"start":{"line":102,"column":25},"end":{"line":105,"column":13}},"line":102},"6":{"name":"(anonymous_6)","decl":{"start":{"line":137,"column":12},"end":{"line":137,"column":13}},"loc":{"start":{"line":138,"column":16},"end":{"line":142,"column":35}},"line":138},"7":{"name":"(anonymous_7)","decl":{"start":{"line":157,"column":56},"end":{"line":157,"column":57}},"loc":{"start":{"line":157,"column":61},"end":{"line":157,"column":85}},"line":157},"8":{"name":"(anonymous_8)","decl":{"start":{"line":158,"column":50},"end":{"line":158,"column":51}},"loc":{"start":{"line":158,"column":55},"end":{"line":158,"column":77}},"line":158},"9":{"name":"(anonymous_9)","decl":{"start":{"line":159,"column":48},"end":{"line":159,"column":49}},"loc":{"start":{"line":159,"column":53},"end":{"line":159,"column":73}},"line":159},"10":{"name":"(anonymous_10)","decl":{"start":{"line":160,"column":52},"end":{"line":160,"column":53}},"loc":{"start":{"line":160,"column":57},"end":{"line":160,"column":81}},"line":160},"11":{"name":"(anonymous_11)","decl":{"start":{"line":183,"column":57},"end":{"line":183,"column":58}},"loc":{"start":{"line":183,"column":62},"end":{"line":183,"column":87}},"line":183},"12":{"name":"(anonymous_12)","decl":{"start":{"line":184,"column":50},"end":{"line":184,"column":51}},"loc":{"start":{"line":184,"column":55},"end":{"line":184,"column":76}},"line":184},"13":{"name":"(anonymous_13)","decl":{"start":{"line":185,"column":51},"end":{"line":185,"column":52}},"loc":{"start":{"line":185,"column":56},"end":{"line":185,"column":78}},"line":185},"14":{"name":"(anonymous_14)","decl":{"start":{"line":222,"column":13},"end":{"line":222,"column":14}},"loc":{"start":{"line":222,"column":19},"end":{"line":222,"column":34}},"line":222}},"branchMap":{"0":{"loc":{"start":{"line":25,"column":4},"end":{"line":28,"column":63}},"type":"if","locations":[{"start":{"line":25,"column":4},"end":{"line":28,"column":63}},{"start":{},"end":{}}],"line":25},"1":{"loc":{"start":{"line":25,"column":8},"end":{"line":28,"column":43}},"type":"binary-expr","locations":[{"start":{"line":25,"column":8},"end":{"line":25,"column":39}},{"start":{"line":26,"column":8},"end":{"line":26,"column":37}},{"start":{"line":27,"column":8},"end":{"line":27,"column":45}},{"start":{"line":28,"column":8},"end":{"line":28,"column":43}}],"line":25},"2":{"loc":{"start":{"line":31,"column":4},"end":{"line":35,"column":56}},"type":"if","locations":[{"start":{"line":31,"column":4},"end":{"line":35,"column":56}},{"start":{},"end":{}}],"line":31},"3":{"loc":{"start":{"line":31,"column":8},"end":{"line":35,"column":37}},"type":"binary-expr","locations":[{"start":{"line":31,"column":8},"end":{"line":31,"column":46}},{"start":{"line":32,"column":8},"end":{"line":32,"column":43}},{"start":{"line":33,"column":8},"end":{"line":33,"column":41}},{"start":{"line":34,"column":8},"end":{"line":34,"column":38}},{"start":{"line":35,"column":8},"end":{"line":35,"column":37}}],"line":31},"4":{"loc":{"start":{"line":38,"column":4},"end":{"line":40,"column":61}},"type":"if","locations":[{"start":{"line":38,"column":4},"end":{"line":40,"column":61}},{"start":{},"end":{}}],"line":38},"5":{"loc":{"start":{"line":38,"column":8},"end":{"line":40,"column":41}},"type":"binary-expr","locations":[{"start":{"line":38,"column":8},"end":{"line":38,"column":39}},{"start":{"line":39,"column":8},"end":{"line":39,"column":37}},{"start":{"line":40,"column":8},"end":{"line":40,"column":41}}],"line":38},"6":{"loc":{"start":{"line":47,"column":4},"end":{"line":47,"column":65}},"type":"if","locations":[{"start":{"line":47,"column":4},"end":{"line":47,"column":65}},{"start":{},"end":{}}],"line":47},"7":{"loc":{"start":{"line":48,"column":4},"end":{"line":48,"column":64}},"type":"if","locations":[{"start":{"line":48,"column":4},"end":{"line":48,"column":64}},{"start":{},"end":{}}],"line":48},"8":{"loc":{"start":{"line":49,"column":4},"end":{"line":49,"column":50}},"type":"if","locations":[{"start":{"line":49,"column":4},"end":{"line":49,"column":50}},{"start":{},"end":{}}],"line":49},"9":{"loc":{"start":{"line":50,"column":4},"end":{"line":50,"column":54}},"type":"if","locations":[{"start":{"line":50,"column":4},"end":{"line":50,"column":54}},{"start":{},"end":{}}],"line":50},"10":{"loc":{"start":{"line":63,"column":4},"end":{"line":65,"column":5}},"type":"if","locations":[{"start":{"line":63,"column":4},"end":{"line":65,"column":5}},{"start":{},"end":{}}],"line":63},"11":{"loc":{"start":{"line":85,"column":27},"end":{"line":85,"column":74}},"type":"binary-expr","locations":[{"start":{"line":85,"column":27},"end":{"line":85,"column":57}},{"start":{"line":85,"column":61},"end":{"line":85,"column":74}}],"line":85},"12":{"loc":{"start":{"line":88,"column":30},"end":{"line":88,"column":57}},"type":"binary-expr","locations":[{"start":{"line":88,"column":30},"end":{"line":88,"column":46}},{"start":{"line":88,"column":50},"end":{"line":88,"column":57}}],"line":88},"13":{"loc":{"start":{"line":91,"column":8},"end":{"line":94,"column":9}},"type":"if","locations":[{"start":{"line":91,"column":8},"end":{"line":94,"column":9}},{"start":{},"end":{}}],"line":91},"14":{"loc":{"start":{"line":107,"column":8},"end":{"line":109,"column":9}},"type":"if","locations":[{"start":{"line":107,"column":8},"end":{"line":109,"column":9}},{"start":{},"end":{}}],"line":107},"15":{"loc":{"start":{"line":126,"column":12},"end":{"line":126,"column":63}},"type":"if","locations":[{"start":{"line":126,"column":12},"end":{"line":126,"column":63}},{"start":{},"end":{}}],"line":126},"16":{"loc":{"start":{"line":138,"column":16},"end":{"line":142,"column":35}},"type":"binary-expr","locations":[{"start":{"line":138,"column":16},"end":{"line":138,"column":36}},{"start":{"line":139,"column":16},"end":{"line":139,"column":33}},{"start":{"line":140,"column":16},"end":{"line":140,"column":34}},{"start":{"line":141,"column":16},"end":{"line":141,"column":38}},{"start":{"line":142,"column":16},"end":{"line":142,"column":35}}],"line":138},"17":{"loc":{"start":{"line":145,"column":8},"end":{"line":148,"column":9}},"type":"if","locations":[{"start":{"line":145,"column":8},"end":{"line":148,"column":9}},{"start":{},"end":{}}],"line":145},"18":{"loc":{"start":{"line":156,"column":8},"end":{"line":179,"column":9}},"type":"if","locations":[{"start":{"line":156,"column":8},"end":{"line":179,"column":9}},{"start":{},"end":{}}],"line":156},"19":{"loc":{"start":{"line":165,"column":12},"end":{"line":167,"column":13}},"type":"if","locations":[{"start":{"line":165,"column":12},"end":{"line":167,"column":13}},{"start":{},"end":{}}],"line":165},"20":{"loc":{"start":{"line":168,"column":12},"end":{"line":170,"column":13}},"type":"if","locations":[{"start":{"line":168,"column":12},"end":{"line":170,"column":13}},{"start":{},"end":{}}],"line":168},"21":{"loc":{"start":{"line":171,"column":12},"end":{"line":173,"column":13}},"type":"if","locations":[{"start":{"line":171,"column":12},"end":{"line":173,"column":13}},{"start":{},"end":{}}],"line":171},"22":{"loc":{"start":{"line":182,"column":8},"end":{"line":201,"column":9}},"type":"if","locations":[{"start":{"line":182,"column":8},"end":{"line":201,"column":9}},{"start":{},"end":{}}],"line":182},"23":{"loc":{"start":{"line":190,"column":12},"end":{"line":192,"column":13}},"type":"if","locations":[{"start":{"line":190,"column":12},"end":{"line":192,"column":13}},{"start":{},"end":{}}],"line":190},"24":{"loc":{"start":{"line":193,"column":12},"end":{"line":195,"column":13}},"type":"if","locations":[{"start":{"line":193,"column":12},"end":{"line":195,"column":13}},{"start":{},"end":{}}],"line":193},"25":{"loc":{"start":{"line":204,"column":8},"end":{"line":209,"column":9}},"type":"if","locations":[{"start":{"line":204,"column":8},"end":{"line":209,"column":9}},{"start":{},"end":{}}],"line":204}},"s":{"0":0,"1":0,"2":0,"3":0,"4":0,"5":0,"6":0,"7":0,"8":0,"9":0,"10":0,"11":0,"12":0,"13":0,"14":0,"15":0,"16":0,"17":0,"18":0,"19":0,"20":0,"21":0,"22":0,"23":0,"24":0,"25":0,"26":0,"27":0,"28":0,"29":0,"30":0,"31":0,"32":0,"33":0,"34":0,"35":0,"36":0,"37":0,"38":0,"39":0,"40":0,"41":0,"42":0,"43":0,"44":0,"45":0,"46":0,"47":0,"48":0,"49":0,"50":0,"51":0,"52":0,"53":0,"54":0,"55":0,"56":0,"57":0,"58":0,"59":0,"60":0,"61":0,"62":0,"63":0,"64":0,"65":0,"66":0,"67":0,"68":0,"69":0,"70":0,"71":0,"72":0,"73":0,"74":0,"75":0,"76":0,"77":0,"78":0,"79":0,"80":0,"81":0,"82":0,"83":0,"84":0,"85":0,"86":0,"87":0,"88":0,"89":0,"90":0,"91":0,"92":0,"93":0,"94":0,"95":0,"96":0,"97":0,"98":0,"99":0,"100":0,"101":0},"f":{"0":0,"1":0,"2":0,"3":0,"4":0,"5":0,"6":0,"7":0,"8":0,"9":0,"10":0,"11":0,"12":0,"13":0,"14":0},"b":{"0":[0,0],"1":[0,0,0,0],"2":[0,0],"3":[0,0,0,0,0],"4":[0,0],"5":[0,0,0],"6":[0,0],"7":[0,0],"8":[0,0],"9":[0,0],"10":[0,0],"11":[0,0],"12":[0,0],"13":[0,0],"14":[0,0],"15":[0,0],"16":[0,0,0,0,0],"17":[0,0],"18":[0,0],"19":[0,0],"20":[0,0],"21":[0,0],"22":[0,0],"23":[0,0],"24":[0,0],"25":[0,0]}}
,"/private/var/folders/fk/890t3kgx75z_qsr9t6v3c_x40000gn/T/vibe-kanban/worktrees/55a4-create-baseline/trybe-rn/.claude/hooks/skill-activation-prompt.ts": {"path":"/private/var/folders/fk/890t3kgx75z_qsr9t6v3c_x40000gn/T/vibe-kanban/worktrees/55a4-create-baseline/trybe-rn/.claude/hooks/skill-activation-prompt.ts","statementMap":{"0":{"start":{"line":7,"column":19},"end":{"line":7,"column":49}},"1":{"start":{"line":8,"column":18},"end":{"line":8,"column":37}},"2":{"start":{"line":73,"column":4},"end":{"line":314,"column":5}},"3":{"start":{"line":75,"column":22},"end":{"line":75,"column":46}},"4":{"start":{"line":76,"column":32},"end":{"line":76,"column":49}},"5":{"start":{"line":77,"column":23},"end":{"line":77,"column":48}},"6":{"start":{"line":78,"column":28},"end":{"line":78,"column":42}},"7":{"start":{"line":81,"column":27},"end":{"line":81,"column":88}},"8":{"start":{"line":82,"column":26},"end":{"line":82,"column":83}},"9":{"start":{"line":85,"column":8},"end":{"line":88,"column":9}},"10":{"start":{"line":87,"column":12},"end":{"line":87,"column":28}},"11":{"start":{"line":92,"column":8},"end":{"line":98,"column":9}},"12":{"start":{"line":93,"column":33},"end":{"line":93,"column":65}},"13":{"start":{"line":94,"column":12},"end":{"line":94,"column":45}},"14":{"start":{"line":96,"column":12},"end":{"line":96,"column":73}},"15":{"start":{"line":97,"column":12},"end":{"line":97,"column":28}},"16":{"start":{"line":101,"column":8},"end":{"line":104,"column":9}},"17":{"start":{"line":102,"column":12},"end":{"line":102,"column":79}},"18":{"start":{"line":103,"column":12},"end":{"line":103,"column":28}},"19":{"start":{"line":106,"column":46},"end":{"line":106,"column":48}},"20":{"start":{"line":107,"column":46},"end":{"line":107,"column":48}},"21":{"start":{"line":110,"column":8},"end":{"line":172,"column":9}},"22":{"start":{"line":111,"column":29},"end":{"line":111,"column":50}},"23":{"start":{"line":114,"column":12},"end":{"line":150,"column":13}},"24":{"start":{"line":116,"column":16},"end":{"line":132,"column":17}},"25":{"start":{"line":117,"column":41},"end":{"line":127,"column":22}},"26":{"start":{"line":118,"column":24},"end":{"line":126,"column":25}},"27":{"start":{"line":120,"column":44},"end":{"line":120,"column":99}},"28":{"start":{"line":121,"column":42},"end":{"line":121,"column":77}},"29":{"start":{"line":122,"column":28},"end":{"line":122,"column":54}},"30":{"start":{"line":124,"column":28},"end":{"line":124,"column":89}},"31":{"start":{"line":125,"column":28},"end":{"line":125,"column":41}},"32":{"start":{"line":128,"column":20},"end":{"line":131,"column":21}},"33":{"start":{"line":129,"column":24},"end":{"line":129,"column":94}},"34":{"start":{"line":130,"column":24},"end":{"line":130,"column":33}},"35":{"start":{"line":135,"column":16},"end":{"line":149,"column":17}},"36":{"start":{"line":136,"column":40},"end":{"line":144,"column":22}},"37":{"start":{"line":137,"column":24},"end":{"line":143,"column":25}},"38":{"start":{"line":138,"column":42},"end":{"line":138,"column":66}},"39":{"start":{"line":139,"column":28},"end":{"line":139,"column":54}},"40":{"start":{"line":141,"column":28},"end":{"line":141,"column":101}},"41":{"start":{"line":142,"column":28},"end":{"line":142,"column":41}},"42":{"start":{"line":145,"column":20},"end":{"line":148,"column":21}},"43":{"start":{"line":146,"column":24},"end":{"line":146,"column":93}},"44":{"start":{"line":147,"column":24},"end":{"line":147,"column":33}},"45":{"start":{"line":153,"column":12},"end":{"line":171,"column":13}},"46":{"start":{"line":154,"column":34},"end":{"line":167,"column":18}},"47":{"start":{"line":155,"column":20},"end":{"line":166,"column":21}},"48":{"start":{"line":157,"column":42},"end":{"line":160,"column":48}},"49":{"start":{"line":161,"column":38},"end":{"line":161,"column":64}},"50":{"start":{"line":162,"column":24},"end":{"line":162,"column":55}},"51":{"start":{"line":164,"column":24},"end":{"line":164,"column":95}},"52":{"start":{"line":165,"column":24},"end":{"line":165,"column":37}},"53":{"start":{"line":168,"column":16},"end":{"line":170,"column":17}},"54":{"start":{"line":169,"column":20},"end":{"line":169,"column":87}},"55":{"start":{"line":175,"column":8},"end":{"line":217,"column":9}},"56":{"start":{"line":176,"column":12},"end":{"line":216,"column":13}},"57":{"start":{"line":177,"column":33},"end":{"line":177,"column":54}},"58":{"start":{"line":178,"column":16},"end":{"line":180,"column":17}},"59":{"start":{"line":179,"column":20},"end":{"line":179,"column":29}},"60":{"start":{"line":183,"column":16},"end":{"line":199,"column":17}},"61":{"start":{"line":184,"column":41},"end":{"line":194,"column":22}},"62":{"start":{"line":185,"column":24},"end":{"line":193,"column":25}},"63":{"start":{"line":187,"column":44},"end":{"line":187,"column":99}},"64":{"start":{"line":188,"column":42},"end":{"line":188,"column":77}},"65":{"start":{"line":189,"column":28},"end":{"line":189,"column":54}},"66":{"start":{"line":191,"column":28},"end":{"line":191,"column":89}},"67":{"start":{"line":192,"column":28},"end":{"line":192,"column":41}},"68":{"start":{"line":195,"column":20},"end":{"line":198,"column":21}},"69":{"start":{"line":196,"column":24},"end":{"line":196,"column":94}},"70":{"start":{"line":197,"column":24},"end":{"line":197,"column":33}},"71":{"start":{"line":202,"column":16},"end":{"line":215,"column":17}},"72":{"start":{"line":203,"column":40},"end":{"line":211,"column":22}},"73":{"start":{"line":204,"column":24},"end":{"line":210,"column":25}},"74":{"start":{"line":205,"column":42},"end":{"line":205,"column":66}},"75":{"start":{"line":206,"column":28},"end":{"line":206,"column":54}},"76":{"start":{"line":208,"column":28},"end":{"line":208,"column":101}},"77":{"start":{"line":209,"column":28},"end":{"line":209,"column":41}},"78":{"start":{"line":212,"column":20},"end":{"line":214,"column":21}},"79":{"start":{"line":213,"column":24},"end":{"line":213,"column":93}},"80":{"start":{"line":220,"column":8},"end":{"line":308,"column":9}},"81":{"start":{"line":222,"column":35},"end":{"line":222,"column":94}},"82":{"start":{"line":222,"column":61},"end":{"line":222,"column":93}},"83":{"start":{"line":223,"column":31},"end":{"line":223,"column":86}},"84":{"start":{"line":223,"column":57},"end":{"line":223,"column":85}},"85":{"start":{"line":224,"column":33},"end":{"line":224,"column":90}},"86":{"start":{"line":224,"column":59},"end":{"line":224,"column":89}},"87":{"start":{"line":225,"column":30},"end":{"line":225,"column":84}},"88":{"start":{"line":225,"column":56},"end":{"line":225,"column":83}},"89":{"start":{"line":228,"column":35},"end":{"line":228,"column":94}},"90":{"start":{"line":228,"column":61},"end":{"line":228,"column":93}},"91":{"start":{"line":229,"column":31},"end":{"line":229,"column":86}},"92":{"start":{"line":229,"column":57},"end":{"line":229,"column":85}},"93":{"start":{"line":230,"column":33},"end":{"line":230,"column":90}},"94":{"start":{"line":230,"column":59},"end":{"line":230,"column":89}},"95":{"start":{"line":231,"column":30},"end":{"line":231,"column":84}},"96":{"start":{"line":231,"column":56},"end":{"line":231,"column":83}},"97":{"start":{"line":234,"column":39},"end":{"line":234,"column":73}},"98":{"start":{"line":235,"column":39},"end":{"line":235,"column":73}},"99":{"start":{"line":236,"column":36},"end":{"line":236,"column":67}},"100":{"start":{"line":237,"column":36},"end":{"line":237,"column":67}},"101":{"start":{"line":239,"column":41},"end":{"line":239,"column":43}},"102":{"start":{"line":242,"column":12},"end":{"line":278,"column":13}},"103":{"start":{"line":243,"column":16},"end":{"line":243,"column":59}},"104":{"start":{"line":244,"column":16},"end":{"line":244,"column":38}},"105":{"start":{"line":246,"column":16},"end":{"line":262,"column":17}},"106":{"start":{"line":247,"column":38},"end":{"line":247,"column":64}},"107":{"start":{"line":248,"column":41},"end":{"line":248,"column":69}},"108":{"start":{"line":249,"column":40},"end":{"line":249,"column":103}},"109":{"start":{"line":249,"column":77},"end":{"line":249,"column":102}},"110":{"start":{"line":251,"column":20},"end":{"line":251,"column":120}},"111":{"start":{"line":252,"column":20},"end":{"line":252,"column":102}},"112":{"start":{"line":253,"column":20},"end":{"line":253,"column":89}},"113":{"start":{"line":254,"column":20},"end":{"line":254,"column":74}},"114":{"start":{"line":255,"column":20},"end":{"line":255,"column":86}},"115":{"start":{"line":257,"column":20},"end":{"line":260,"column":21}},"116":{"start":{"line":258,"column":24},"end":{"line":258,"column":46}},"117":{"start":{"line":259,"column":24},"end":{"line":259,"column":94}},"118":{"start":{"line":261,"column":20},"end":{"line":261,"column":42}},"119":{"start":{"line":264,"column":16},"end":{"line":277,"column":17}},"120":{"start":{"line":265,"column":38},"end":{"line":265,"column":64}},"121":{"start":{"line":266,"column":41},"end":{"line":266,"column":69}},"122":{"start":{"line":267,"column":40},"end":{"line":267,"column":80}},"123":{"start":{"line":269,"column":20},"end":{"line":269,"column":63}},"124":{"start":{"line":270,"column":20},"end":{"line":270,"column":109}},"125":{"start":{"line":271,"column":20},"end":{"line":273,"column":21}},"126":{"start":{"line":272,"column":24},"end":{"line":272,"column":90}},"127":{"start":{"line":274,"column":20},"end":{"line":274,"column":42}},"128":{"start":{"line":275,"column":20},"end":{"line":275,"column":113}},"129":{"start":{"line":276,"column":20},"end":{"line":276,"column":42}},"130":{"start":{"line":281,"column":12},"end":{"line":297,"column":13}},"131":{"start":{"line":282,"column":16},"end":{"line":286,"column":17}},"132":{"start":{"line":283,"column":20},"end":{"line":283,"column":65}},"133":{"start":{"line":285,"column":20},"end":{"line":285,"column":97}},"134":{"start":{"line":287,"column":16},"end":{"line":287,"column":38}},"135":{"start":{"line":289,"column":16},"end":{"line":292,"column":17}},"136":{"start":{"line":290,"column":39},"end":{"line":290,"column":101}},"137":{"start":{"line":290,"column":64},"end":{"line":290,"column":89}},"138":{"start":{"line":291,"column":20},"end":{"line":291,"column":85}},"139":{"start":{"line":293,"column":16},"end":{"line":296,"column":17}},"140":{"start":{"line":294,"column":39},"end":{"line":294,"column":101}},"141":{"start":{"line":294,"column":64},"end":{"line":294,"column":89}},"142":{"start":{"line":295,"column":20},"end":{"line":295,"column":88}},"143":{"start":{"line":300,"column":31},"end":{"line":305,"column":13}},"144":{"start":{"line":307,"column":12},"end":{"line":307,"column":52}},"145":{"start":{"line":310,"column":8},"end":{"line":310,"column":24}},"146":{"start":{"line":312,"column":8},"end":{"line":312,"column":69}},"147":{"start":{"line":313,"column":8},"end":{"line":313,"column":24}},"148":{"start":{"line":317,"column":0},"end":{"line":320,"column":3}},"149":{"start":{"line":318,"column":4},"end":{"line":318,"column":42}},"150":{"start":{"line":319,"column":4},"end":{"line":319,"column":20}}},"fnMap":{"0":{"name":"main","decl":{"start":{"line":72,"column":15},"end":{"line":72,"column":19}},"loc":{"start":{"line":72,"column":22},"end":{"line":315,"column":1}},"line":72},"1":{"name":"(anonymous_1)","decl":{"start":{"line":117,"column":64},"end":{"line":117,"column":65}},"loc":{"start":{"line":117,"column":70},"end":{"line":127,"column":21}},"line":117},"2":{"name":"(anonymous_2)","decl":{"start":{"line":136,"column":69},"end":{"line":136,"column":70}},"loc":{"start":{"line":136,"column":80},"end":{"line":144,"column":21}},"line":136},"3":{"name":"(anonymous_3)","decl":{"start":{"line":154,"column":72},"end":{"line":154,"column":73}},"loc":{"start":{"line":154,"column":83},"end":{"line":167,"column":17}},"line":154},"4":{"name":"(anonymous_4)","decl":{"start":{"line":184,"column":64},"end":{"line":184,"column":65}},"loc":{"start":{"line":184,"column":70},"end":{"line":194,"column":21}},"line":184},"5":{"name":"(anonymous_5)","decl":{"start":{"line":203,"column":69},"end":{"line":203,"column":70}},"loc":{"start":{"line":203,"column":80},"end":{"line":211,"column":21}},"line":203},"6":{"name":"(anonymous_6)","decl":{"start":{"line":222,"column":56},"end":{"line":222,"column":57}},"loc":{"start":{"line":222,"column":61},"end":{"line":222,"column":93}},"line":222},"7":{"name":"(anonymous_7)","decl":{"start":{"line":223,"column":52},"end":{"line":223,"column":53}},"loc":{"start":{"line":223,"column":57},"end":{"line":223,"column":85}},"line":223},"8":{"name":"(anonymous_8)","decl":{"start":{"line":224,"column":54},"end":{"line":224,"column":55}},"loc":{"start":{"line":224,"column":59},"end":{"line":224,"column":89}},"line":224},"9":{"name":"(anonymous_9)","decl":{"start":{"line":225,"column":51},"end":{"line":225,"column":52}},"loc":{"start":{"line":225,"column":56},"end":{"line":225,"column":83}},"line":225},"10":{"name":"(anonymous_10)","decl":{"start":{"line":228,"column":56},"end":{"line":228,"column":57}},"loc":{"start":{"line":228,"column":61},"end":{"line":228,"column":93}},"line":228},"11":{"name":"(anonymous_11)","decl":{"start":{"line":229,"column":52},"end":{"line":229,"column":53}},"loc":{"start":{"line":229,"column":57},"end":{"line":229,"column":85}},"line":229},"12":{"name":"(anonymous_12)","decl":{"start":{"line":230,"column":54},"end":{"line":230,"column":55}},"loc":{"start":{"line":230,"column":59},"end":{"line":230,"column":89}},"line":230},"13":{"name":"(anonymous_13)","decl":{"start":{"line":231,"column":51},"end":{"line":231,"column":52}},"loc":{"start":{"line":231,"column":56},"end":{"line":231,"column":83}},"line":231},"14":{"name":"(anonymous_14)","decl":{"start":{"line":249,"column":72},"end":{"line":249,"column":73}},"loc":{"start":{"line":249,"column":77},"end":{"line":249,"column":102}},"line":249},"15":{"name":"(anonymous_15)","decl":{"start":{"line":290,"column":59},"end":{"line":290,"column":60}},"loc":{"start":{"line":290,"column":64},"end":{"line":290,"column":89}},"line":290},"16":{"name":"(anonymous_16)","decl":{"start":{"line":294,"column":59},"end":{"line":294,"column":60}},"loc":{"start":{"line":294,"column":64},"end":{"line":294,"column":89}},"line":294},"17":{"name":"(anonymous_17)","decl":{"start":{"line":317,"column":13},"end":{"line":317,"column":14}},"loc":{"start":{"line":317,"column":20},"end":{"line":320,"column":1}},"line":317}},"branchMap":{"0":{"loc":{"start":{"line":78,"column":28},"end":{"line":78,"column":42}},"type":"binary-expr","locations":[{"start":{"line":78,"column":28},"end":{"line":78,"column":36}},{"start":{"line":78,"column":40},"end":{"line":78,"column":42}}],"line":78},"1":{"loc":{"start":{"line":81,"column":27},"end":{"line":81,"column":88}},"type":"binary-expr","locations":[{"start":{"line":81,"column":27},"end":{"line":81,"column":57}},{"start":{"line":81,"column":61},"end":{"line":81,"column":88}}],"line":81},"2":{"loc":{"start":{"line":85,"column":8},"end":{"line":88,"column":9}},"type":"if","locations":[{"start":{"line":85,"column":8},"end":{"line":88,"column":9}},{"start":{},"end":{}}],"line":85},"3":{"loc":{"start":{"line":101,"column":8},"end":{"line":104,"column":9}},"type":"if","locations":[{"start":{"line":101,"column":8},"end":{"line":104,"column":9}},{"start":{},"end":{}}],"line":101},"4":{"loc":{"start":{"line":101,"column":12},"end":{"line":101,"column":61}},"type":"binary-expr","locations":[{"start":{"line":101,"column":12},"end":{"line":101,"column":25}},{"start":{"line":101,"column":29},"end":{"line":101,"column":61}}],"line":101},"5":{"loc":{"start":{"line":114,"column":12},"end":{"line":150,"column":13}},"type":"if","locations":[{"start":{"line":114,"column":12},"end":{"line":150,"column":13}},{"start":{},"end":{}}],"line":114},"6":{"loc":{"start":{"line":116,"column":16},"end":{"line":132,"column":17}},"type":"if","locations":[{"start":{"line":116,"column":16},"end":{"line":132,"column":17}},{"start":{},"end":{}}],"line":116},"7":{"loc":{"start":{"line":128,"column":20},"end":{"line":131,"column":21}},"type":"if","locations":[{"start":{"line":128,"column":20},"end":{"line":131,"column":21}},{"start":{},"end":{}}],"line":128},"8":{"loc":{"start":{"line":135,"column":16},"end":{"line":149,"column":17}},"type":"if","locations":[{"start":{"line":135,"column":16},"end":{"line":149,"column":17}},{"start":{},"end":{}}],"line":135},"9":{"loc":{"start":{"line":145,"column":20},"end":{"line":148,"column":21}},"type":"if","locations":[{"start":{"line":145,"column":20},"end":{"line":148,"column":21}},{"start":{},"end":{}}],"line":145},"10":{"loc":{"start":{"line":153,"column":12},"end":{"line":171,"column":13}},"type":"if","locations":[{"start":{"line":153,"column":12},"end":{"line":171,"column":13}},{"start":{},"end":{}}],"line":153},"11":{"loc":{"start":{"line":153,"column":16},"end":{"line":153,"column":64}},"type":"binary-expr","locations":[{"start":{"line":153,"column":16},"end":{"line":153,"column":49}},{"start":{"line":153,"column":53},"end":{"line":153,"column":64}}],"line":153},"12":{"loc":{"start":{"line":168,"column":16},"end":{"line":170,"column":17}},"type":"if","locations":[{"start":{"line":168,"column":16},"end":{"line":170,"column":17}},{"start":{},"end":{}}],"line":168},"13":{"loc":{"start":{"line":175,"column":8},"end":{"line":217,"column":9}},"type":"if","locations":[{"start":{"line":175,"column":8},"end":{"line":217,"column":9}},{"start":{},"end":{}}],"line":175},"14":{"loc":{"start":{"line":178,"column":16},"end":{"line":180,"column":17}},"type":"if","locations":[{"start":{"line":178,"column":16},"end":{"line":180,"column":17}},{"start":{},"end":{}}],"line":178},"15":{"loc":{"start":{"line":183,"column":16},"end":{"line":199,"column":17}},"type":"if","locations":[{"start":{"line":183,"column":16},"end":{"line":199,"column":17}},{"start":{},"end":{}}],"line":183},"16":{"loc":{"start":{"line":195,"column":20},"end":{"line":198,"column":21}},"type":"if","locations":[{"start":{"line":195,"column":20},"end":{"line":198,"column":21}},{"start":{},"end":{}}],"line":195},"17":{"loc":{"start":{"line":202,"column":16},"end":{"line":215,"column":17}},"type":"if","locations":[{"start":{"line":202,"column":16},"end":{"line":215,"column":17}},{"start":{},"end":{}}],"line":202},"18":{"loc":{"start":{"line":212,"column":20},"end":{"line":214,"column":21}},"type":"if","locations":[{"start":{"line":212,"column":20},"end":{"line":214,"column":21}},{"start":{},"end":{}}],"line":212},"19":{"loc":{"start":{"line":220,"column":8},"end":{"line":308,"column":9}},"type":"if","locations":[{"start":{"line":220,"column":8},"end":{"line":308,"column":9}},{"start":{},"end":{}}],"line":220},"20":{"loc":{"start":{"line":220,"column":12},"end":{"line":220,"column":64}},"type":"binary-expr","locations":[{"start":{"line":220,"column":12},"end":{"line":220,"column":36}},{"start":{"line":220,"column":40},"end":{"line":220,"column":64}}],"line":220},"21":{"loc":{"start":{"line":242,"column":12},"end":{"line":278,"column":13}},"type":"if","locations":[{"start":{"line":242,"column":12},"end":{"line":278,"column":13}},{"start":{},"end":{}}],"line":242},"22":{"loc":{"start":{"line":242,"column":16},"end":{"line":242,"column":78}},"type":"binary-expr","locations":[{"start":{"line":242,"column":16},"end":{"line":242,"column":45}},{"start":{"line":242,"column":49},"end":{"line":242,"column":78}}],"line":242},"23":{"loc":{"start":{"line":246,"column":16},"end":{"line":262,"column":17}},"type":"if","locations":[{"start":{"line":246,"column":16},"end":{"line":262,"column":17}},{"start":{},"end":{}}],"line":246},"24":{"loc":{"start":{"line":257,"column":20},"end":{"line":260,"column":21}},"type":"if","locations":[{"start":{"line":257,"column":20},"end":{"line":260,"column":21}},{"start":{},"end":{}}],"line":257},"25":{"loc":{"start":{"line":264,"column":16},"end":{"line":277,"column":17}},"type":"if","locations":[{"start":{"line":264,"column":16},"end":{"line":277,"column":17}},{"start":{},"end":{}}],"line":264},"26":{"loc":{"start":{"line":271,"column":20},"end":{"line":273,"column":21}},"type":"if","locations":[{"start":{"line":271,"column":20},"end":{"line":273,"column":21}},{"start":{},"end":{}}],"line":271},"27":{"loc":{"start":{"line":281,"column":12},"end":{"line":297,"column":13}},"type":"if","locations":[{"start":{"line":281,"column":12},"end":{"line":297,"column":13}},{"start":{},"end":{}}],"line":281},"28":{"loc":{"start":{"line":281,"column":16},"end":{"line":281,"column":72}},"type":"binary-expr","locations":[{"start":{"line":281,"column":16},"end":{"line":281,"column":42}},{"start":{"line":281,"column":46},"end":{"line":281,"column":72}}],"line":281},"29":{"loc":{"start":{"line":282,"column":16},"end":{"line":286,"column":17}},"type":"if","locations":[{"start":{"line":282,"column":16},"end":{"line":286,"column":17}},{"start":{"line":284,"column":23},"end":{"line":286,"column":17}}],"line":282},"30":{"loc":{"start":{"line":282,"column":20},"end":{"line":282,"column":82}},"type":"binary-expr","locations":[{"start":{"line":282,"column":20},"end":{"line":282,"column":49}},{"start":{"line":282,"column":53},"end":{"line":282,"column":82}}],"line":282},"31":{"loc":{"start":{"line":289,"column":16},"end":{"line":292,"column":17}},"type":"if","locations":[{"start":{"line":289,"column":16},"end":{"line":292,"column":17}},{"start":{},"end":{}}],"line":289},"32":{"loc":{"start":{"line":293,"column":16},"end":{"line":296,"column":17}},"type":"if","locations":[{"start":{"line":293,"column":16},"end":{"line":296,"column":17}},{"start":{},"end":{}}],"line":293}},"s":{"0":0,"1":0,"2":0,"3":0,"4":0,"5":0,"6":0,"7":0,"8":0,"9":0,"10":0,"11":0,"12":0,"13":0,"14":0,"15":0,"16":0,"17":0,"18":0,"19":0,"20":0,"21":0,"22":0,"23":0,"24":0,"25":0,"26":0,"27":0,"28":0,"29":0,"30":0,"31":0,"32":0,"33":0,"34":0,"35":0,"36":0,"37":0,"38":0,"39":0,"40":0,"41":0,"42":0,"43":0,"44":0,"45":0,"46":0,"47":0,"48":0,"49":0,"50":0,"51":0,"52":0,"53":0,"54":0,"55":0,"56":0,"57":0,"58":0,"59":0,"60":0,"61":0,"62":0,"63":0,"64":0,"65":0,"66":0,"67":0,"68":0,"69":0,"70":0,"71":0,"72":0,"73":0,"74":0,"75":0,"76":0,"77":0,"78":0,"79":0,"80":0,"81":0,"82":0,"83":0,"84":0,"85":0,"86":0,"87":0,"88":0,"89":0,"90":0,"91":0,"92":0,"93":0,"94":0,"95":0,"96":0,"97":0,"98":0,"99":0,"100":0,"101":0,"102":0,"103":0,"104":0,"105":0,"106":0,"107":0,"108":0,"109":0,"110":0,"111":0,"112":0,"113":0,"114":0,"115":0,"116":0,"117":0,"118":0,"119":0,"120":0,"121":0,"122":0,"123":0,"124":0,"125":0,"126":0,"127":0,"128":0,"129":0,"130":0,"131":0,"132":0,"133":0,"134":0,"135":0,"136":0,"137":0,"138":0,"139":0,"140":0,"141":0,"142":0,"143":0,"144":0,"145":0,"146":0,"147":0,"148":0,"149":0,"150":0},"f":{"0":0,"1":0,"2":0,"3":0,"4":0,"5":0,"6":0,"7":0,"8":0,"9":0,"10":0,"11":0,"12":0,"13":0,"14":0,"15":0,"16":0,"17":0},"b":{"0":[0,0],"1":[0,0],"2":[0,0],"3":[0,0],"4":[0,0],"5":[0,0],"6":[0,0],"7":[0,0],"8":[0,0],"9":[0,0],"10":[0,0],"11":[0,0],"12":[0,0],"13":[0,0],"14":[0,0],"15":[0,0],"16":[0,0],"17":[0,0],"18":[0,0],"19":[0,0],"20":[0,0],"21":[0,0],"22":[0,0],"23":[0,0],"24":[0,0],"25":[0,0],"26":[0,0],"27":[0,0],"28":[0,0],"29":[0,0],"30":[0,0],"31":[0,0],"32":[0,0]}}
,"/private/var/folders/fk/890t3kgx75z_qsr9t6v3c_x40000gn/T/vibe-kanban/worktrees/55a4-create-baseline/trybe-rn/app/_layout.tsx": {"path":"/private/var/folders/fk/890t3kgx75z_qsr9t6v3c_x40000gn/T/vibe-kanban/worktrees/55a4-create-baseline/trybe-rn/app/_layout.tsx","statementMap":{"0":{"start":{"line":17,"column":0},"end":{"line":34,"column":3}},"1":{"start":{"line":37,"column":0},"end":{"line":37,"column":13}},"2":{"start":{"line":40,"column":0},"end":{"line":51,"column":1}},"3":{"start":{"line":41,"column":23},"end":{"line":41,"column":35}},"4":{"start":{"line":42,"column":2},"end":{"line":50,"column":4}},"5":{"start":{"line":43,"column":4},"end":{"line":48,"column":5}},"6":{"start":{"line":47,"column":6},"end":{"line":47,"column":13}},"7":{"start":{"line":49,"column":4},"end":{"line":49,"column":26}},"8":{"start":{"line":53,"column":20},"end":{"line":53,"column":37}},"9":{"start":{"line":56,"column":25},"end":{"line":56,"column":46}},"10":{"start":{"line":57,"column":2},"end":{"line":60,"column":3}},"11":{"start":{"line":58,"column":4},"end":{"line":58,"column":65}},"12":{"start":{"line":59,"column":4},"end":{"line":59,"column":90}},"13":{"start":{"line":62,"column":2},"end":{"line":79,"column":4}}},"fnMap":{"0":{"name":"(anonymous_0)","decl":{"start":{"line":42,"column":17},"end":{"line":42,"column":18}},"loc":{"start":{"line":42,"column":30},"end":{"line":50,"column":3}},"line":42},"1":{"name":"RootLayout","decl":{"start":{"line":55,"column":36},"end":{"line":55,"column":46}},"loc":{"start":{"line":55,"column":49},"end":{"line":80,"column":1}},"line":55}},"branchMap":{"0":{"loc":{"start":{"line":40,"column":0},"end":{"line":51,"column":1}},"type":"if","locations":[{"start":{"line":40,"column":0},"end":{"line":51,"column":1}},{"start":{},"end":{}}],"line":40},"1":{"loc":{"start":{"line":43,"column":4},"end":{"line":48,"column":5}},"type":"if","locations":[{"start":{"line":43,"column":4},"end":{"line":48,"column":5}},{"start":{},"end":{}}],"line":43},"2":{"loc":{"start":{"line":44,"column":6},"end":{"line":45,"column":46}},"type":"binary-expr","locations":[{"start":{"line":44,"column":6},"end":{"line":44,"column":33}},{"start":{"line":45,"column":6},"end":{"line":45,"column":46}}],"line":44},"3":{"loc":{"start":{"line":57,"column":2},"end":{"line":60,"column":3}},"type":"if","locations":[{"start":{"line":57,"column":2},"end":{"line":60,"column":3}},{"start":{},"end":{}}],"line":57}},"s":{"0":0,"1":0,"2":0,"3":0,"4":0,"5":0,"6":0,"7":0,"8":0,"9":0,"10":0,"11":0,"12":0,"13":0},"f":{"0":0,"1":0},"b":{"0":[0,0],"1":[0,0],"2":[0,0],"3":[0,0]}}
,"/private/var/folders/fk/890t3kgx75z_qsr9t6v3c_x40000gn/T/vibe-kanban/worktrees/55a4-create-baseline/trybe-rn/app/community.tsx": {"path":"/private/var/folders/fk/890t3kgx75z_qsr9t6v3c_x40000gn/T/vibe-kanban/worktrees/55a4-create-baseline/trybe-rn/app/community.tsx","statementMap":{"0":{"start":{"line":5,"column":21},"end":{"line":5,"column":37}},"1":{"start":{"line":6,"column":2},"end":{"line":15,"column":4}}},"fnMap":{"0":{"name":"CommunityScreen","decl":{"start":{"line":4,"column":24},"end":{"line":4,"column":39}},"loc":{"start":{"line":4,"column":42},"end":{"line":16,"column":1}},"line":4}},"branchMap":{},"s":{"0":0,"1":0},"f":{"0":0},"b":{}}
,"/private/var/folders/fk/890t3kgx75z_qsr9t6v3c_x40000gn/T/vibe-kanban/worktrees/55a4-create-baseline/trybe-rn/app/new.tsx": {"path":"/private/var/folders/fk/890t3kgx75z_qsr9t6v3c_x40000gn/T/vibe-kanban/worktrees/55a4-create-baseline/trybe-rn/app/new.tsx","statementMap":{"0":{"start":{"line":2,"column":30},"end":{"line":2,"column":41}},"1":{"start":{"line":5,"column":2},"end":{"line":18,"column":4}}},"fnMap":{"0":{"name":"NewChallenge","decl":{"start":{"line":4,"column":24},"end":{"line":4,"column":36}},"loc":{"start":{"line":4,"column":39},"end":{"line":19,"column":1}},"line":4}},"branchMap":{},"s":{"0":0,"1":0},"f":{"0":0},"b":{}}
,"/private/var/folders/fk/890t3kgx75z_qsr9t6v3c_x40000gn/T/vibe-kanban/worktrees/55a4-create-baseline/trybe-rn/app/profile.tsx": {"path":"/private/var/folders/fk/890t3kgx75z_qsr9t6v3c_x40000gn/T/vibe-kanban/worktrees/55a4-create-baseline/trybe-rn/app/profile.tsx","statementMap":{"0":{"start":{"line":10,"column":30},"end":{"line":10,"column":41}},"1":{"start":{"line":13,"column":42},"end":{"line":13,"column":58}},"2":{"start":{"line":14,"column":23},"end":{"line":17,"column":3}},"3":{"start":{"line":15,"column":4},"end":{"line":15,"column":25}},"4":{"start":{"line":16,"column":4},"end":{"line":16,"column":21}},"5":{"start":{"line":19,"column":2},"end":{"line":40,"column":4}}},"fnMap":{"0":{"name":"Profile","decl":{"start":{"line":12,"column":24},"end":{"line":12,"column":31}},"loc":{"start":{"line":12,"column":34},"end":{"line":41,"column":1}},"line":12},"1":{"name":"(anonymous_1)","decl":{"start":{"line":14,"column":23},"end":{"line":14,"column":24}},"loc":{"start":{"line":14,"column":29},"end":{"line":17,"column":3}},"line":14}},"branchMap":{"0":{"loc":{"start":{"line":27,"column":19},"end":{"line":27,"column":65}},"type":"binary-expr","locations":[{"start":{"line":27,"column":19},"end":{"line":27,"column":52}},{"start":{"line":27,"column":56},"end":{"line":27,"column":65}}],"line":27}},"s":{"0":0,"1":0,"2":0,"3":0,"4":0,"5":0},"f":{"0":0,"1":0},"b":{"0":[0,0]}}
,"/private/var/folders/fk/890t3kgx75z_qsr9t6v3c_x40000gn/T/vibe-kanban/worktrees/55a4-create-baseline/trybe-rn/app/sign-in.tsx": {"path":"/private/var/folders/fk/890t3kgx75z_qsr9t6v3c_x40000gn/T/vibe-kanban/worktrees/55a4-create-baseline/trybe-rn/app/sign-in.tsx","statementMap":{"0":{"start":{"line":21,"column":0},"end":{"line":21,"column":38}},"1":{"start":{"line":24,"column":2},"end":{"line":24,"column":21}},"2":{"start":{"line":25,"column":26},"end":{"line":25,"column":42}},"3":{"start":{"line":26,"column":47},"end":{"line":26,"column":56}},"4":{"start":{"line":27,"column":42},"end":{"line":27,"column":53}},"5":{"start":{"line":28,"column":29},"end":{"line":28,"column":44}},"6":{"start":{"line":29,"column":42},"end":{"line":29,"column":54}},"7":{"start":{"line":30,"column":34},"end":{"line":30,"column":46}},"8":{"start":{"line":33,"column":2},"end":{"line":37,"column":44}},"9":{"start":{"line":34,"column":4},"end":{"line":36,"column":5}},"10":{"start":{"line":35,"column":6},"end":{"line":35,"column":26}},"11":{"start":{"line":40,"column":24},"end":{"line":64,"column":3}},"12":{"start":{"line":41,"column":4},"end":{"line":41,"column":26}},"13":{"start":{"line":41,"column":19},"end":{"line":41,"column":26}},"14":{"start":{"line":43,"column":4},"end":{"line":63,"column":5}},"15":{"start":{"line":44,"column":29},"end":{"line":47,"column":8}},"16":{"start":{"line":49,"column":6},"end":{"line":54,"column":7}},"17":{"start":{"line":50,"column":8},"end":{"line":50,"column":71}},"18":{"start":{"line":51,"column":8},"end":{"line":51,"column":25}},"19":{"start":{"line":53,"column":8},"end":{"line":53,"column":63}},"20":{"start":{"line":57,"column":6},"end":{"line":60,"column":7}},"21":{"start":{"line":58,"column":8},"end":{"line":58,"column":28}},"22":{"start":{"line":59,"column":8},"end":{"line":59,"column":15}},"23":{"start":{"line":62,"column":6},"end":{"line":62,"column":68}},"24":{"start":{"line":67,"column":2},"end":{"line":75,"column":3}},"25":{"start":{"line":68,"column":4},"end":{"line":74,"column":6}},"26":{"start":{"line":77,"column":2},"end":{"line":136,"column":4}},"27":{"start":{"line":91,"column":35},"end":{"line":91,"column":57}},"28":{"start":{"line":99,"column":38},"end":{"line":99,"column":59}},"29":{"start":{"line":111,"column":25},"end":{"line":111,"column":55}},"30":{"start":{"line":118,"column":25},"end":{"line":118,"column":62}},"31":{"start":{"line":126,"column":25},"end":{"line":126,"column":54}},"32":{"start":{"line":130,"column":39},"end":{"line":130,"column":62}}},"fnMap":{"0":{"name":"SignInPage","decl":{"start":{"line":23,"column":24},"end":{"line":23,"column":34}},"loc":{"start":{"line":23,"column":37},"end":{"line":137,"column":1}},"line":23},"1":{"name":"(anonymous_1)","decl":{"start":{"line":33,"column":12},"end":{"line":33,"column":13}},"loc":{"start":{"line":33,"column":18},"end":{"line":37,"column":3}},"line":33},"2":{"name":"(anonymous_2)","decl":{"start":{"line":40,"column":24},"end":{"line":40,"column":25}},"loc":{"start":{"line":40,"column":36},"end":{"line":64,"column":3}},"line":40},"3":{"name":"(anonymous_3)","decl":{"start":{"line":91,"column":24},"end":{"line":91,"column":25}},"loc":{"start":{"line":91,"column":35},"end":{"line":91,"column":57}},"line":91},"4":{"name":"(anonymous_4)","decl":{"start":{"line":99,"column":24},"end":{"line":99,"column":25}},"loc":{"start":{"line":99,"column":38},"end":{"line":99,"column":59}},"line":99},"5":{"name":"(anonymous_5)","decl":{"start":{"line":111,"column":19},"end":{"line":111,"column":20}},"loc":{"start":{"line":111,"column":25},"end":{"line":111,"column":55}},"line":111},"6":{"name":"(anonymous_6)","decl":{"start":{"line":118,"column":19},"end":{"line":118,"column":20}},"loc":{"start":{"line":118,"column":25},"end":{"line":118,"column":62}},"line":118},"7":{"name":"(anonymous_7)","decl":{"start":{"line":126,"column":19},"end":{"line":126,"column":20}},"loc":{"start":{"line":126,"column":25},"end":{"line":126,"column":54}},"line":126},"8":{"name":"(anonymous_8)","decl":{"start":{"line":130,"column":33},"end":{"line":130,"column":34}},"loc":{"start":{"line":130,"column":39},"end":{"line":130,"column":62}},"line":130}},"branchMap":{"0":{"loc":{"start":{"line":34,"column":4},"end":{"line":36,"column":5}},"type":"if","locations":[{"start":{"line":34,"column":4},"end":{"line":36,"column":5}},{"start":{},"end":{}}],"line":34},"1":{"loc":{"start":{"line":34,"column":8},"end":{"line":34,"column":47}},"type":"binary-expr","locations":[{"start":{"line":34,"column":8},"end":{"line":34,"column":18}},{"start":{"line":34,"column":22},"end":{"line":34,"column":32}},{"start":{"line":34,"column":36},"end":{"line":34,"column":47}}],"line":34},"2":{"loc":{"start":{"line":41,"column":4},"end":{"line":41,"column":26}},"type":"if","locations":[{"start":{"line":41,"column":4},"end":{"line":41,"column":26}},{"start":{},"end":{}}],"line":41},"3":{"loc":{"start":{"line":49,"column":6},"end":{"line":54,"column":7}},"type":"if","locations":[{"start":{"line":49,"column":6},"end":{"line":54,"column":7}},{"start":{"line":52,"column":13},"end":{"line":54,"column":7}}],"line":49},"4":{"loc":{"start":{"line":57,"column":6},"end":{"line":60,"column":7}},"type":"if","locations":[{"start":{"line":57,"column":6},"end":{"line":60,"column":7}},{"start":{},"end":{}}],"line":57},"5":{"loc":{"start":{"line":67,"column":2},"end":{"line":75,"column":3}},"type":"if","locations":[{"start":{"line":67,"column":2},"end":{"line":75,"column":3}},{"start":{},"end":{}}],"line":67},"6":{"loc":{"start":{"line":67,"column":6},"end":{"line":67,"column":31}},"type":"binary-expr","locations":[{"start":{"line":67,"column":6},"end":{"line":67,"column":17}},{"start":{"line":67,"column":21},"end":{"line":67,"column":31}}],"line":67}},"s":{"0":0,"1":0,"2":0,"3":0,"4":0,"5":0,"6":0,"7":0,"8":0,"9":0,"10":0,"11":0,"12":0,"13":0,"14":0,"15":0,"16":0,"17":0,"18":0,"19":0,"20":0,"21":0,"22":0,"23":0,"24":0,"25":0,"26":0,"27":0,"28":0,"29":0,"30":0,"31":0,"32":0},"f":{"0":0,"1":0,"2":0,"3":0,"4":0,"5":0,"6":0,"7":0,"8":0},"b":{"0":[0,0],"1":[0,0,0],"2":[0,0],"3":[0,0],"4":[0,0],"5":[0,0],"6":[0,0]}}
,"/private/var/folders/fk/890t3kgx75z_qsr9t6v3c_x40000gn/T/vibe-kanban/worktrees/55a4-create-baseline/trybe-rn/app/sign-up.tsx": {"path":"/private/var/folders/fk/890t3kgx75z_qsr9t6v3c_x40000gn/T/vibe-kanban/worktrees/55a4-create-baseline/trybe-rn/app/sign-up.tsx","statementMap":{"0":{"start":{"line":14,"column":0},"end":{"line":14,"column":38}},"1":{"start":{"line":17,"column":2},"end":{"line":17,"column":21}},"2":{"start":{"line":18,"column":26},"end":{"line":18,"column":42}},"3":{"start":{"line":19,"column":42},"end":{"line":19,"column":53}},"4":{"start":{"line":20,"column":29},"end":{"line":20,"column":44}},"5":{"start":{"line":21,"column":42},"end":{"line":21,"column":54}},"6":{"start":{"line":22,"column":34},"end":{"line":22,"column":46}},"7":{"start":{"line":23,"column":56},"end":{"line":23,"column":71}},"8":{"start":{"line":24,"column":26},"end":{"line":24,"column":38}},"9":{"start":{"line":26,"column":2},"end":{"line":28,"column":3}},"10":{"start":{"line":27,"column":4},"end":{"line":27,"column":21}},"11":{"start":{"line":31,"column":24},"end":{"line":46,"column":3}},"12":{"start":{"line":32,"column":4},"end":{"line":32,"column":26}},"13":{"start":{"line":32,"column":19},"end":{"line":32,"column":26}},"14":{"start":{"line":34,"column":4},"end":{"line":45,"column":5}},"15":{"start":{"line":35,"column":6},"end":{"line":38,"column":9}},"16":{"start":{"line":40,"column":6},"end":{"line":40,"column":79}},"17":{"start":{"line":42,"column":6},"end":{"line":42,"column":35}},"18":{"start":{"line":44,"column":6},"end":{"line":44,"column":50}},"19":{"start":{"line":49,"column":24},"end":{"line":66,"column":3}},"20":{"start":{"line":50,"column":4},"end":{"line":50,"column":26}},"21":{"start":{"line":50,"column":19},"end":{"line":50,"column":26}},"22":{"start":{"line":52,"column":4},"end":{"line":65,"column":5}},"23":{"start":{"line":53,"column":29},"end":{"line":55,"column":8}},"24":{"start":{"line":57,"column":6},"end":{"line":62,"column":7}},"25":{"start":{"line":58,"column":8},"end":{"line":58,"column":70}},"26":{"start":{"line":59,"column":8},"end":{"line":59,"column":25}},"27":{"start":{"line":61,"column":8},"end":{"line":61,"column":63}},"28":{"start":{"line":64,"column":6},"end":{"line":64,"column":50}},"29":{"start":{"line":68,"column":2},"end":{"line":138,"column":4}},"30":{"start":{"line":77,"column":39},"end":{"line":77,"column":61}},"31":{"start":{"line":85,"column":42},"end":{"line":85,"column":63}},"32":{"start":{"line":97,"column":29},"end":{"line":97,"column":59}},"33":{"start":{"line":104,"column":29},"end":{"line":104,"column":66}},"34":{"start":{"line":112,"column":29},"end":{"line":112,"column":58}},"35":{"start":{"line":117,"column":27},"end":{"line":117,"column":50}},"36":{"start":{"line":131,"column":36},"end":{"line":131,"column":49}}},"fnMap":{"0":{"name":"SignUpPage","decl":{"start":{"line":16,"column":24},"end":{"line":16,"column":34}},"loc":{"start":{"line":16,"column":37},"end":{"line":139,"column":1}},"line":16},"1":{"name":"(anonymous_1)","decl":{"start":{"line":31,"column":24},"end":{"line":31,"column":25}},"loc":{"start":{"line":31,"column":36},"end":{"line":46,"column":3}},"line":31},"2":{"name":"(anonymous_2)","decl":{"start":{"line":49,"column":24},"end":{"line":49,"column":25}},"loc":{"start":{"line":49,"column":36},"end":{"line":66,"column":3}},"line":49},"3":{"name":"(anonymous_3)","decl":{"start":{"line":77,"column":28},"end":{"line":77,"column":29}},"loc":{"start":{"line":77,"column":39},"end":{"line":77,"column":61}},"line":77},"4":{"name":"(anonymous_4)","decl":{"start":{"line":85,"column":28},"end":{"line":85,"column":29}},"loc":{"start":{"line":85,"column":42},"end":{"line":85,"column":63}},"line":85},"5":{"name":"(anonymous_5)","decl":{"start":{"line":97,"column":23},"end":{"line":97,"column":24}},"loc":{"start":{"line":97,"column":29},"end":{"line":97,"column":59}},"line":97},"6":{"name":"(anonymous_6)","decl":{"start":{"line":104,"column":23},"end":{"line":104,"column":24}},"loc":{"start":{"line":104,"column":29},"end":{"line":104,"column":66}},"line":104},"7":{"name":"(anonymous_7)","decl":{"start":{"line":112,"column":23},"end":{"line":112,"column":24}},"loc":{"start":{"line":112,"column":29},"end":{"line":112,"column":58}},"line":112},"8":{"name":"(anonymous_8)","decl":{"start":{"line":117,"column":21},"end":{"line":117,"column":22}},"loc":{"start":{"line":117,"column":27},"end":{"line":117,"column":50}},"line":117},"9":{"name":"(anonymous_9)","decl":{"start":{"line":131,"column":26},"end":{"line":131,"column":27}},"loc":{"start":{"line":131,"column":36},"end":{"line":131,"column":49}},"line":131}},"branchMap":{"0":{"loc":{"start":{"line":26,"column":2},"end":{"line":28,"column":3}},"type":"if","locations":[{"start":{"line":26,"column":2},"end":{"line":28,"column":3}},{"start":{},"end":{}}],"line":26},"1":{"loc":{"start":{"line":32,"column":4},"end":{"line":32,"column":26}},"type":"if","locations":[{"start":{"line":32,"column":4},"end":{"line":32,"column":26}},{"start":{},"end":{}}],"line":32},"2":{"loc":{"start":{"line":50,"column":4},"end":{"line":50,"column":26}},"type":"if","locations":[{"start":{"line":50,"column":4},"end":{"line":50,"column":26}},{"start":{},"end":{}}],"line":50},"3":{"loc":{"start":{"line":57,"column":6},"end":{"line":62,"column":7}},"type":"if","locations":[{"start":{"line":57,"column":6},"end":{"line":62,"column":7}},{"start":{"line":60,"column":13},"end":{"line":62,"column":7}}],"line":57},"4":{"loc":{"start":{"line":70,"column":7},"end":{"line":136,"column":7}},"type":"cond-expr","locations":[{"start":{"line":71,"column":8},"end":{"line":125,"column":11}},{"start":{"line":127,"column":8},"end":{"line":135,"column":15}}],"line":70}},"s":{"0":0,"1":0,"2":0,"3":0,"4":0,"5":0,"6":0,"7":0,"8":0,"9":0,"10":0,"11":0,"12":0,"13":0,"14":0,"15":0,"16":0,"17":0,"18":0,"19":0,"20":0,"21":0,"22":0,"23":0,"24":0,"25":0,"26":0,"27":0,"28":0,"29":0,"30":0,"31":0,"32":0,"33":0,"34":0,"35":0,"36":0},"f":{"0":0,"1":0,"2":0,"3":0,"4":0,"5":0,"6":0,"7":0,"8":0,"9":0},"b":{"0":[0,0],"1":[0,0],"2":[0,0],"3":[0,0],"4":[0,0]}}
,"/private/var/folders/fk/890t3kgx75z_qsr9t6v3c_x40000gn/T/vibe-kanban/worktrees/55a4-create-baseline/trybe-rn/app/(tabs)/_layout.tsx": {"path":"/private/var/folders/fk/890t3kgx75z_qsr9t6v3c_x40000gn/T/vibe-kanban/worktrees/55a4-create-baseline/trybe-rn/app/(tabs)/_layout.tsx","statementMap":{"0":{"start":{"line":20,"column":14},"end":{"line":20,"column":23}},"1":{"start":{"line":21,"column":26},"end":{"line":21,"column":42}},"2":{"start":{"line":22,"column":25},"end":{"line":22,"column":34}},"3":{"start":{"line":23,"column":34},"end":{"line":23,"column":56}},"4":{"start":{"line":24,"column":49},"end":{"line":24,"column":63}},"5":{"start":{"line":25,"column":2},"end":{"line":25,"column":91}},"6":{"start":{"line":27,"column":2},"end":{"line":120,"column":4}},"7":{"start":{"line":32,"column":24},"end":{"line":32,"column":37}},"8":{"start":{"line":42,"column":58},"end":{"line":42,"column":98}},"9":{"start":{"line":50,"column":14},"end":{"line":52,"column":21}},"10":{"start":{"line":57,"column":14},"end":{"line":57,"column":33}},"11":{"start":{"line":58,"column":14},"end":{"line":62,"column":15}},"12":{"start":{"line":59,"column":16},"end":{"line":59,"column":29}},"13":{"start":{"line":61,"column":16},"end":{"line":61,"column":28}},"14":{"start":{"line":71,"column":14},"end":{"line":71,"column":56}},"15":{"start":{"line":80,"column":58},"end":{"line":80,"column":99}},"16":{"start":{"line":124,"column":2},"end":{"line":134,"column":4}}},"fnMap":{"0":{"name":"TabsContent","decl":{"start":{"line":19,"column":9},"end":{"line":19,"column":20}},"loc":{"start":{"line":19,"column":23},"end":{"line":121,"column":1}},"line":19},"1":{"name":"(anonymous_1)","decl":{"start":{"line":32,"column":18},"end":{"line":32,"column":19}},"loc":{"start":{"line":32,"column":24},"end":{"line":32,"column":37}},"line":32},"2":{"name":"(anonymous_2)","decl":{"start":{"line":42,"column":24},"end":{"line":42,"column":25}},"loc":{"start":{"line":42,"column":58},"end":{"line":42,"column":98}},"line":42},"3":{"name":"(anonymous_3)","decl":{"start":{"line":49,"column":24},"end":{"line":49,"column":25}},"loc":{"start":{"line":50,"column":14},"end":{"line":52,"column":21}},"line":50},"4":{"name":"(anonymous_4)","decl":{"start":{"line":56,"column":22},"end":{"line":56,"column":23}},"loc":{"start":{"line":56,"column":34},"end":{"line":63,"column":13}},"line":56},"5":{"name":"(anonymous_5)","decl":{"start":{"line":70,"column":24},"end":{"line":70,"column":25}},"loc":{"start":{"line":71,"column":14},"end":{"line":71,"column":56}},"line":71},"6":{"name":"(anonymous_6)","decl":{"start":{"line":80,"column":24},"end":{"line":80,"column":25}},"loc":{"start":{"line":80,"column":58},"end":{"line":80,"column":99}},"line":80},"7":{"name":"TabsLayout","decl":{"start":{"line":123,"column":24},"end":{"line":123,"column":34}},"loc":{"start":{"line":123,"column":37},"end":{"line":135,"column":1}},"line":123}},"branchMap":{"0":{"loc":{"start":{"line":25,"column":46},"end":{"line":25,"column":89}},"type":"cond-expr","locations":[{"start":{"line":25,"column":60},"end":{"line":25,"column":71}},{"start":{"line":25,"column":74},"end":{"line":25,"column":89}}],"line":25},"1":{"loc":{"start":{"line":58,"column":14},"end":{"line":62,"column":15}},"type":"if","locations":[{"start":{"line":58,"column":14},"end":{"line":62,"column":15}},{"start":{"line":60,"column":21},"end":{"line":62,"column":15}}],"line":58}},"s":{"0":0,"1":0,"2":0,"3":0,"4":0,"5":0,"6":0,"7":0,"8":0,"9":0,"10":0,"11":0,"12":0,"13":0,"14":0,"15":0,"16":0},"f":{"0":0,"1":0,"2":0,"3":0,"4":0,"5":0,"6":0,"7":0},"b":{"0":[0,0],"1":[0,0]}}
,"/private/var/folders/fk/890t3kgx75z_qsr9t6v3c_x40000gn/T/vibe-kanban/worktrees/55a4-create-baseline/trybe-rn/app/(tabs)/about.tsx": {"path":"/private/var/folders/fk/890t3kgx75z_qsr9t6v3c_x40000gn/T/vibe-kanban/worktrees/55a4-create-baseline/trybe-rn/app/(tabs)/about.tsx","statementMap":{"0":{"start":{"line":17,"column":32},"end":{"line":17,"column":56}},"1":{"start":{"line":27,"column":32},"end":{"line":51,"column":1}},"2":{"start":{"line":54,"column":17},"end":{"line":54,"column":28}},"3":{"start":{"line":55,"column":25},"end":{"line":55,"column":34}},"4":{"start":{"line":56,"column":25},"end":{"line":56,"column":39}},"5":{"start":{"line":57,"column":42},"end":{"line":57,"column":53}},"6":{"start":{"line":58,"column":22},"end":{"line":58,"column":44}},"7":{"start":{"line":60,"column":23},"end":{"line":64,"column":3}},"8":{"start":{"line":61,"column":20},"end":{"line":61,"column":53}},"9":{"start":{"line":62,"column":18},"end":{"line":62,"column":52}},"10":{"start":{"line":63,"column":4},"end":{"line":63,"column":27}},"11":{"start":{"line":66,"column":19},"end":{"line":73,"column":3}},"12":{"start":{"line":67,"column":4},"end":{"line":72,"column":5}},"13":{"start":{"line":68,"column":6},"end":{"line":71,"column":9}},"14":{"start":{"line":75,"column":23},"end":{"line":82,"column":3}},"15":{"start":{"line":76,"column":4},"end":{"line":81,"column":5}},"16":{"start":{"line":77,"column":6},"end":{"line":80,"column":9}},"17":{"start":{"line":84,"column":27},"end":{"line":86,"column":3}},"18":{"start":{"line":85,"column":4},"end":{"line":85,"column":18}},"19":{"start":{"line":88,"column":27},"end":{"line":96,"column":3}},"20":{"start":{"line":89,"column":4},"end":{"line":95,"column":5}},"21":{"start":{"line":91,"column":6},"end":{"line":91,"column":43}},"22":{"start":{"line":94,"column":6},"end":{"line":94,"column":19}},"23":{"start":{"line":98,"column":21},"end":{"line":168,"column":3}},"24":{"start":{"line":99,"column":24},"end":{"line":99,"column":35}},"25":{"start":{"line":100,"column":25},"end":{"line":100,"column":36}},"26":{"start":{"line":101,"column":23},"end":{"line":101,"column":49}},"27":{"start":{"line":103,"column":4},"end":{"line":167,"column":6}},"28":{"start":{"line":158,"column":12},"end":{"line":163,"column":14}},"29":{"start":{"line":170,"column":2},"end":{"line":231,"column":4}},"30":{"start":{"line":187,"column":32},"end":{"line":187,"column":39}}},"fnMap":{"0":{"name":"About","decl":{"start":{"line":53,"column":24},"end":{"line":53,"column":29}},"loc":{"start":{"line":53,"column":32},"end":{"line":232,"column":1}},"line":53},"1":{"name":"(anonymous_1)","decl":{"start":{"line":60,"column":23},"end":{"line":60,"column":24}},"loc":{"start":{"line":60,"column":75},"end":{"line":64,"column":3}},"line":60},"2":{"name":"(anonymous_2)","decl":{"start":{"line":66,"column":19},"end":{"line":66,"column":20}},"loc":{"start":{"line":66,"column":25},"end":{"line":73,"column":3}},"line":66},"3":{"name":"(anonymous_3)","decl":{"start":{"line":75,"column":23},"end":{"line":75,"column":24}},"loc":{"start":{"line":75,"column":29},"end":{"line":82,"column":3}},"line":75},"4":{"name":"(anonymous_4)","decl":{"start":{"line":84,"column":27},"end":{"line":84,"column":28}},"loc":{"start":{"line":84,"column":33},"end":{"line":86,"column":3}},"line":84},"5":{"name":"(anonymous_5)","decl":{"start":{"line":88,"column":27},"end":{"line":88,"column":28}},"loc":{"start":{"line":88,"column":33},"end":{"line":96,"column":3}},"line":88},"6":{"name":"(anonymous_6)","decl":{"start":{"line":98,"column":21},"end":{"line":98,"column":22}},"loc":{"start":{"line":98,"column":83},"end":{"line":168,"column":3}},"line":98},"7":{"name":"(anonymous_7)","decl":{"start":{"line":157,"column":21},"end":{"line":157,"column":22}},"loc":{"start":{"line":158,"column":12},"end":{"line":163,"column":14}},"line":158},"8":{"name":"(anonymous_8)","decl":{"start":{"line":187,"column":22},"end":{"line":187,"column":23}},"loc":{"start":{"line":187,"column":32},"end":{"line":187,"column":39}},"line":187}},"branchMap":{"0":{"loc":{"start":{"line":67,"column":4},"end":{"line":72,"column":5}},"type":"if","locations":[{"start":{"line":67,"column":4},"end":{"line":72,"column":5}},{"start":{},"end":{}}],"line":67},"1":{"loc":{"start":{"line":76,"column":4},"end":{"line":81,"column":5}},"type":"if","locations":[{"start":{"line":76,"column":4},"end":{"line":81,"column":5}},{"start":{},"end":{}}],"line":76},"2":{"loc":{"start":{"line":89,"column":4},"end":{"line":95,"column":5}},"type":"if","locations":[{"start":{"line":89,"column":4},"end":{"line":95,"column":5}},{"start":{"line":92,"column":11},"end":{"line":95,"column":5}}],"line":89},"3":{"loc":{"start":{"line":112,"column":13},"end":{"line":122,"column":13}},"type":"binary-expr","locations":[{"start":{"line":112,"column":13},"end":{"line":112,"column":24}},{"start":{"line":113,"column":14},"end":{"line":121,"column":17}}],"line":112},"4":{"loc":{"start":{"line":123,"column":13},"end":{"line":130,"column":13}},"type":"binary-expr","locations":[{"start":{"line":123,"column":13},"end":{"line":123,"column":25}},{"start":{"line":124,"column":14},"end":{"line":129,"column":21}}],"line":123},"5":{"loc":{"start":{"line":131,"column":13},"end":{"line":136,"column":13}},"type":"binary-expr","locations":[{"start":{"line":131,"column":13},"end":{"line":131,"column":23}},{"start":{"line":132,"column":14},"end":{"line":135,"column":21}}],"line":131},"6":{"loc":{"start":{"line":141,"column":55},"end":{"line":141,"column":91}},"type":"cond-expr","locations":[{"start":{"line":141,"column":68},"end":{"line":141,"column":79}},{"start":{"line":141,"column":82},"end":{"line":141,"column":91}}],"line":141},"7":{"loc":{"start":{"line":150,"column":24},"end":{"line":150,"column":59}},"type":"cond-expr","locations":[{"start":{"line":150,"column":38},"end":{"line":150,"column":47}},{"start":{"line":150,"column":50},"end":{"line":150,"column":59}}],"line":150},"8":{"loc":{"start":{"line":151,"column":23},"end":{"line":151,"column":93}},"type":"cond-expr","locations":[{"start":{"line":151,"column":37},"end":{"line":151,"column":50}},{"start":{"line":151,"column":53},"end":{"line":151,"column":93}}],"line":151},"9":{"loc":{"start":{"line":151,"column":53},"end":{"line":151,"column":93}},"type":"cond-expr","locations":[{"start":{"line":151,"column":66},"end":{"line":151,"column":77}},{"start":{"line":151,"column":80},"end":{"line":151,"column":93}}],"line":151},"10":{"loc":{"start":{"line":161,"column":16},"end":{"line":161,"column":64}},"type":"cond-expr","locations":[{"start":{"line":161,"column":32},"end":{"line":161,"column":44}},{"start":{"line":161,"column":47},"end":{"line":161,"column":64}}],"line":161},"11":{"loc":{"start":{"line":173,"column":7},"end":{"line":180,"column":7}},"type":"binary-expr","locations":[{"start":{"line":173,"column":7},"end":{"line":173,"column":23}},{"start":{"line":174,"column":8},"end":{"line":179,"column":27}}],"line":173},"12":{"loc":{"start":{"line":198,"column":9},"end":{"line":228,"column":9}},"type":"cond-expr","locations":[{"start":{"line":199,"column":10},"end":{"line":211,"column":13}},{"start":{"line":213,"column":10},"end":{"line":227,"column":13}}],"line":198}},"s":{"0":0,"1":0,"2":0,"3":0,"4":0,"5":0,"6":0,"7":0,"8":0,"9":0,"10":0,"11":0,"12":0,"13":0,"14":0,"15":0,"16":0,"17":0,"18":0,"19":0,"20":0,"21":0,"22":0,"23":0,"24":0,"25":0,"26":0,"27":0,"28":0,"29":0,"30":0},"f":{"0":0,"1":0,"2":0,"3":0,"4":0,"5":0,"6":0,"7":0,"8":0},"b":{"0":[0,0],"1":[0,0],"2":[0,0],"3":[0,0],"4":[0,0],"5":[0,0],"6":[0,0],"7":[0,0],"8":[0,0],"9":[0,0],"10":[0,0],"11":[0,0],"12":[0,0]}}
,"/private/var/folders/fk/890t3kgx75z_qsr9t6v3c_x40000gn/T/vibe-kanban/worktrees/55a4-create-baseline/trybe-rn/app/(tabs)/index.tsx": {"path":"/private/var/folders/fk/890t3kgx75z_qsr9t6v3c_x40000gn/T/vibe-kanban/worktrees/55a4-create-baseline/trybe-rn/app/(tabs)/index.tsx","statementMap":{"0":{"start":{"line":14,"column":30},"end":{"line":14,"column":41}},"1":{"start":{"line":17,"column":23},"end":{"line":17,"column":39}},"2":{"start":{"line":18,"column":25},"end":{"line":18,"column":34}},"3":{"start":{"line":19,"column":25},"end":{"line":19,"column":39}},"4":{"start":{"line":20,"column":17},"end":{"line":20,"column":28}},"5":{"start":{"line":22,"column":37},"end":{"line":42,"column":4}},"6":{"start":{"line":25,"column":6},"end":{"line":38,"column":7}},"7":{"start":{"line":26,"column":22},"end":{"line":26,"column":38}},"8":{"start":{"line":27,"column":23},"end":{"line":27,"column":59}},"9":{"start":{"line":28,"column":8},"end":{"line":28,"column":68}},"10":{"start":{"line":29,"column":8},"end":{"line":29,"column":22}},"11":{"start":{"line":31,"column":8},"end":{"line":31,"column":65}},"12":{"start":{"line":32,"column":8},"end":{"line":36,"column":11}},"13":{"start":{"line":37,"column":8},"end":{"line":37,"column":18}},"14":{"start":{"line":45,"column":21},"end":{"line":45,"column":52}},"15":{"start":{"line":46,"column":28},"end":{"line":46,"column":41}},"16":{"start":{"line":48,"column":2},"end":{"line":50,"column":3}},"17":{"start":{"line":49,"column":4},"end":{"line":49,"column":49}},"18":{"start":{"line":52,"column":27},"end":{"line":54,"column":3}},"19":{"start":{"line":53,"column":4},"end":{"line":53,"column":33}},"20":{"start":{"line":56,"column":30},"end":{"line":58,"column":3}},"21":{"start":{"line":57,"column":4},"end":{"line":57,"column":87}},"22":{"start":{"line":60,"column":2},"end":{"line":168,"column":4}},"23":{"start":{"line":99,"column":18},"end":{"line":101,"column":34}},"24":{"start":{"line":148,"column":16},"end":{"line":152,"column":18}},"25":{"start":{"line":151,"column":33},"end":{"line":151,"column":87}}},"fnMap":{"0":{"name":"Home","decl":{"start":{"line":16,"column":24},"end":{"line":16,"column":28}},"loc":{"start":{"line":16,"column":31},"end":{"line":169,"column":1}},"line":16},"1":{"name":"(anonymous_1)","decl":{"start":{"line":24,"column":13},"end":{"line":24,"column":14}},"loc":{"start":{"line":24,"column":25},"end":{"line":39,"column":5}},"line":24},"2":{"name":"(anonymous_2)","decl":{"start":{"line":52,"column":27},"end":{"line":52,"column":28}},"loc":{"start":{"line":52,"column":33},"end":{"line":54,"column":3}},"line":52},"3":{"name":"(anonymous_3)","decl":{"start":{"line":56,"column":30},"end":{"line":56,"column":31}},"loc":{"start":{"line":56,"column":36},"end":{"line":58,"column":3}},"line":56},"4":{"name":"(anonymous_4)","decl":{"start":{"line":98,"column":25},"end":{"line":98,"column":26}},"loc":{"start":{"line":99,"column":18},"end":{"line":101,"column":34}},"line":99},"5":{"name":"(anonymous_5)","decl":{"start":{"line":147,"column":31},"end":{"line":147,"column":32}},"loc":{"start":{"line":148,"column":16},"end":{"line":152,"column":18}},"line":148},"6":{"name":"(anonymous_6)","decl":{"start":{"line":151,"column":27},"end":{"line":151,"column":28}},"loc":{"start":{"line":151,"column":33},"end":{"line":151,"column":87}},"line":151}},"branchMap":{"0":{"loc":{"start":{"line":28,"column":47},"end":{"line":28,"column":66}},"type":"binary-expr","locations":[{"start":{"line":28,"column":47},"end":{"line":28,"column":61}},{"start":{"line":28,"column":65},"end":{"line":28,"column":66}}],"line":28},"1":{"loc":{"start":{"line":45,"column":21},"end":{"line":45,"column":52}},"type":"cond-expr","locations":[{"start":{"line":45,"column":43},"end":{"line":45,"column":47}},{"start":{"line":45,"column":50},"end":{"line":45,"column":52}}],"line":45},"2":{"loc":{"start":{"line":48,"column":2},"end":{"line":50,"column":3}},"type":"if","locations":[{"start":{"line":48,"column":2},"end":{"line":50,"column":3}},{"start":{},"end":{}}],"line":48},"3":{"loc":{"start":{"line":94,"column":11},"end":{"line":105,"column":11}},"type":"binary-expr","locations":[{"start":{"line":94,"column":11},"end":{"line":94,"column":28}},{"start":{"line":95,"column":12},"end":{"line":104,"column":19}}],"line":94},"4":{"loc":{"start":{"line":99,"column":18},"end":{"line":101,"column":34}},"type":"cond-expr","locations":[{"start":{"line":100,"column":22},"end":{"line":100,"column":84}},{"start":{"line":101,"column":22},"end":{"line":101,"column":34}}],"line":99},"5":{"loc":{"start":{"line":129,"column":11},"end":{"line":131,"column":11}},"type":"binary-expr","locations":[{"start":{"line":129,"column":11},"end":{"line":129,"column":20}},{"start":{"line":130,"column":12},"end":{"line":130,"column":90}}],"line":129},"6":{"loc":{"start":{"line":133,"column":11},"end":{"line":143,"column":11}},"type":"binary-expr","locations":[{"start":{"line":133,"column":11},"end":{"line":133,"column":22}},{"start":{"line":133,"column":26},"end":{"line":133,"column":36}},{"start":{"line":134,"column":12},"end":{"line":142,"column":19}}],"line":133},"7":{"loc":{"start":{"line":145,"column":11},"end":{"line":155,"column":11}},"type":"binary-expr","locations":[{"start":{"line":145,"column":11},"end":{"line":145,"column":21}},{"start":{"line":145,"column":25},"end":{"line":145,"column":35}},{"start":{"line":146,"column":12},"end":{"line":154,"column":19}}],"line":145},"8":{"loc":{"start":{"line":157,"column":11},"end":{"line":164,"column":11}},"type":"binary-expr","locations":[{"start":{"line":157,"column":11},"end":{"line":157,"column":16}},{"start":{"line":158,"column":12},"end":{"line":163,"column":19}}],"line":157}},"s":{"0":1,"1":9,"2":9,"3":9,"4":9,"5":9,"6":7,"7":7,"8":7,"9":6,"10":6,"11":1,"12":1,"13":1,"14":9,"15":9,"16":9,"17":1,"18":9,"19":0,"20":9,"21":0,"22":9,"23":0,"24":0,"25":0},"f":{"0":9,"1":7,"2":0,"3":0,"4":0,"5":0,"6":0},"b":{"0":[6,5],"1":[1,8],"2":[1,8],"3":[9,0],"4":[0,0],"5":[9,7],"6":[9,9,2],"7":[9,0,0],"8":[9,1]},"_coverageSchema":"1a1c01bbd47fc00a2c39e90264f33305004495a9","hash":"0749ef3412dfeaf9a7b0f0dc4869e7366415545c"}
[...]
column":5}},"26":{"start":{"line":57,"column":6},"end":{"line":57,"column":56}},"27":{"start":{"line":60,"column":6},"end":{"line":60,"column":50}},"28":{"start":{"line":63,"column":4},"end":{"line":63,"column":33}}},"fnMap":{"0":{"name":"(anonymous_0)","decl":{"start":{"line":10,"column":2},"end":{"line":10,"column":3}},"loc":{"start":{"line":10,"column":14},"end":{"line":28,"column":3}},"line":10},"1":{"name":"(anonymous_1)","decl":{"start":{"line":29,"column":2},"end":{"line":29,"column":3}},"loc":{"start":{"line":29,"column":13},"end":{"line":32,"column":3}},"line":29},"2":{"name":"(anonymous_2)","decl":{"start":{"line":37,"column":2},"end":{"line":37,"column":3}},"loc":{"start":{"line":37,"column":16},"end":{"line":45,"column":3}},"line":37},"3":{"name":"(anonymous_3)","decl":{"start":{"line":46,"column":2},"end":{"line":46,"column":3}},"loc":{"start":{"line":46,"column":13},"end":{"line":64,"column":3}},"line":46}},"branchMap":{"0":{"loc":{"start":{"line":13,"column":20},"end":{"line":13,"column":68}},"type":"cond-expr","locations":[{"start":{"line":13,"column":37},"end":{"line":13,"column":62}},{"start":{"line":13,"column":65},"end":{"line":13,"column":68}}],"line":13},"1":{"loc":{"start":{"line":18,"column":4},"end":{"line":20,"column":5}},"type":"if","locations":[{"start":{"line":18,"column":4},"end":{"line":20,"column":5}},{"start":{},"end":{}}],"line":18},"2":{"loc":{"start":{"line":23,"column":4},"end":{"line":25,"column":5}},"type":"if","locations":[{"start":{"line":23,"column":4},"end":{"line":25,"column":5}},{"start":{},"end":{}}],"line":23},"3":{"loc":{"start":{"line":47,"column":4},"end":{"line":61,"column":5}},"type":"if","locations":[{"start":{"line":47,"column":4},"end":{"line":61,"column":5}},{"start":{"line":55,"column":11},"end":{"line":61,"column":5}}],"line":47},"4":{"loc":{"start":{"line":55,"column":11},"end":{"line":61,"column":5}},"type":"if","locations":[{"start":{"line":55,"column":11},"end":{"line":61,"column":5}},{"start":{"line":58,"column":11},"end":{"line":61,"column":5}}],"line":55}},"s":{"0":0,"1":0,"2":0,"3":0,"4":0,"5":0,"6":0,"7":0,"8":0,"9":0,"10":0,"11":0,"12":0,"13":0,"14":0,"15":0,"16":0,"17":0,"18":0,"19":0,"20":0,"21":0,"22":0,"23":0,"24":0,"25":0,"26":0,"27":0,"28":0},"f":{"0":0,"1":0,"2":0,"3":0},"b":{"0":[0,0],"1":[0,0],"2":[0,0],"3":[0,0],"4":[0,0]}}
,"/private/var/folders/fk/890t3kgx75z_qsr9t6v3c_x40000gn/T/vibe-kanban/worktrees/55a4-create-baseline/trybe-rn/lib/api/commentsApi.ts": {"path":"/private/var/folders/fk/890t3kgx75z_qsr9t6v3c_x40000gn/T/vibe-kanban/worktrees/55a4-create-baseline/trybe-rn/lib/api/commentsApi.ts","statementMap":{"0":{"start":{"line":5,"column":27},"end":{"line":38,"column":1}},"1":{"start":{"line":7,"column":44},"end":{"line":7,"column":46}},"2":{"start":{"line":8,"column":4},"end":{"line":10,"column":5}},"3":{"start":{"line":9,"column":6},"end":{"line":9,"column":48}},"4":{"start":{"line":12,"column":21},"end":{"line":14,"column":6}},"5":{"start":{"line":15,"column":4},"end":{"line":15,"column":31}},"6":{"start":{"line":19,"column":20},"end":{"line":22,"column":5}},"7":{"start":{"line":23,"column":21},"end":{"line":23,"column":88}},"8":{"start":{"line":24,"column":4},"end":{"line":24,"column":25}},"9":{"start":{"line":28,"column":21},"end":{"line":28,"column":35}},"10":{"start":{"line":29,"column":4},"end":{"line":29,"column":40}},"11":{"start":{"line":30,"column":4},"end":{"line":30,"column":45}},"12":{"start":{"line":32,"column":20},"end":{"line":35,"column":5}},"13":{"start":{"line":36,"column":4},"end":{"line":36,"column":76}}},"fnMap":{"0":{"name":"(anonymous_0)","decl":{"start":{"line":6,"column":19},"end":{"line":6,"column":20}},"loc":{"start":{"line":6,"column":92},"end":{"line":16,"column":3}},"line":6},"1":{"name":"(anonymous_1)","decl":{"start":{"line":18,"column":10},"end":{"line":18,"column":11}},"loc":{"start":{"line":18,"column":69},"end":{"line":25,"column":3}},"line":18},"2":{"name":"(anonymous_2)","decl":{"start":{"line":27,"column":10},"end":{"line":27,"column":11}},"loc":{"start":{"line":27,"column":69},"end":{"line":37,"column":3}},"line":27}},"branchMap":{"0":{"loc":{"start":{"line":8,"column":4},"end":{"line":10,"column":5}},"type":"if","locations":[{"start":{"line":8,"column":4},"end":{"line":10,"column":5}},{"start":{},"end":{}}],"line":8},"1":{"loc":{"start":{"line":15,"column":11},"end":{"line":15,"column":30}},"type":"binary-expr","locations":[{"start":{"line":15,"column":11},"end":{"line":15,"column":24}},{"start":{"line":15,"column":28},"end":{"line":15,"column":30}}],"line":15}},"s":{"0":0,"1":0,"2":0,"3":0,"4":0,"5":0,"6":0,"7":0,"8":0,"9":0,"10":0,"11":0,"12":0,"13":0},"f":{"0":0,"1":0,"2":0},"b":{"0":[0,0],"1":[0,0]}}
,"/private/var/folders/fk/890t3kgx75z_qsr9t6v3c_x40000gn/T/vibe-kanban/worktrees/55a4-create-baseline/trybe-rn/lib/api/queryKeys.ts": {"path":"/private/var/folders/fk/890t3kgx75z_qsr9t6v3c_x40000gn/T/vibe-kanban/worktrees/55a4-create-baseline/trybe-rn/lib/api/queryKeys.ts","statementMap":{"0":{"start":{"line":6,"column":25},"end":{"line":42,"column":1}},"1":{"start":{"line":15,"column":18},"end":{"line":15,"column":66}},"2":{"start":{"line":16,"column":28},"end":{"line":16,"column":70}},"3":{"start":{"line":17,"column":29},"end":{"line":17,"column":85}},"4":{"start":{"line":18,"column":32},"end":{"line":18,"column":91}},"5":{"start":{"line":20,"column":6},"end":{"line":20,"column":80}},"6":{"start":{"line":26,"column":28},"end":{"line":26,"column":65}},"7":{"start":{"line":32,"column":28},"end":{"line":32,"column":65}},"8":{"start":{"line":33,"column":19},"end":{"line":33,"column":63}},"9":{"start":{"line":40,"column":6},"end":{"line":40,"column":87}}},"fnMap":{"0":{"name":"(anonymous_0)","decl":{"start":{"line":15,"column":12},"end":{"line":15,"column":13}},"loc":{"start":{"line":15,"column":18},"end":{"line":15,"column":66}},"line":15},"1":{"name":"(anonymous_1)","decl":{"start":{"line":16,"column":12},"end":{"line":16,"column":13}},"loc":{"start":{"line":16,"column":28},"end":{"line":16,"column":70}},"line":16},"2":{"name":"(anonymous_2)","decl":{"start":{"line":17,"column":13},"end":{"line":17,"column":14}},"loc":{"start":{"line":17,"column":29},"end":{"line":17,"column":85}},"line":17},"3":{"name":"(anonymous_3)","decl":{"start":{"line":18,"column":16},"end":{"line":18,"column":17}},"loc":{"start":{"line":18,"column":32},"end":{"line":18,"column":91}},"line":18},"4":{"name":"(anonymous_4)","decl":{"start":{"line":19,"column":14},"end":{"line":19,"column":15}},"loc":{"start":{"line":20,"column":6},"end":{"line":20,"column":80}},"line":20},"5":{"name":"(anonymous_5)","decl":{"start":{"line":26,"column":12},"end":{"line":26,"column":13}},"loc":{"start":{"line":26,"column":28},"end":{"line":26,"column":65}},"line":26},"6":{"name":"(anonymous_6)","decl":{"start":{"line":32,"column":12},"end":{"line":32,"column":13}},"loc":{"start":{"line":32,"column":28},"end":{"line":32,"column":65}},"line":32},"7":{"name":"(anonymous_7)","decl":{"start":{"line":33,"column":13},"end":{"line":33,"column":14}},"loc":{"start":{"line":33,"column":19},"end":{"line":33,"column":63}},"line":33},"8":{"name":"(anonymous_8)","decl":{"start":{"line":39,"column":15},"end":{"line":39,"column":16}},"loc":{"start":{"line":40,"column":6},"end":{"line":40,"column":87}},"line":40}},"branchMap":{"0":{"loc":{"start":{"line":40,"column":60},"end":{"line":40,"column":77}},"type":"binary-expr","locations":[{"start":{"line":40,"column":60},"end":{"line":40,"column":68}},{"start":{"line":40,"column":72},"end":{"line":40,"column":77}}],"line":40}},"s":{"0":1,"1":9,"2":0,"3":0,"4":0,"5":0,"6":0,"7":0,"8":0,"9":0},"f":{"0":9,"1":0,"2":0,"3":0,"4":0,"5":0,"6":0,"7":0,"8":0},"b":{"0":[0,0]},"_coverageSchema":"1a1c01bbd47fc00a2c39e90264f33305004495a9","hash":"c831a4f18ae915f4f8a447fb2ae1582ad2af3d40"}
,"/private/var/folders/fk/890t3kgx75z_qsr9t6v3c_x40000gn/T/vibe-kanban/worktrees/55a4-create-baseline/trybe-rn/lib/helpers/challenge.tsx": {"path":"/private/var/folders/fk/890t3kgx75z_qsr9t6v3c_x40000gn/T/vibe-kanban/worktrees/55a4-create-baseline/trybe-rn/lib/helpers/challenge.tsx","statementMap":{"0":{"start":{"line":11,"column":2},"end":{"line":15,"column":3}},"1":{"start":{"line":12,"column":4},"end":{"line":14,"column":5}},"2":{"start":{"line":13,"column":6},"end":{"line":13,"column":39}},"3":{"start":{"line":16,"column":2},"end":{"line":20,"column":3}},"4":{"start":{"line":17,"column":4},"end":{"line":19,"column":5}},"5":{"start":{"line":18,"column":6},"end":{"line":18,"column":45}},"6":{"start":{"line":21,"column":2},"end":{"line":21,"column":14}},"7":{"start":{"line":27,"column":2},"end":{"line":31,"column":3}},"8":{"start":{"line":28,"column":4},"end":{"line":30,"column":5}},"9":{"start":{"line":29,"column":6},"end":{"line":29,"column":37}},"10":{"start":{"line":32,"column":2},"end":{"line":38,"column":3}},"11":{"start":{"line":33,"column":4},"end":{"line":37,"column":5}},"12":{"start":{"line":35,"column":20},"end":{"line":35,"column":76}},"13":{"start":{"line":36,"column":6},"end":{"line":36,"column":27}},"14":{"start":{"line":39,"column":2},"end":{"line":39,"column":15}},"15":{"start":{"line":47,"column":14},"end":{"line":47,"column":46}},"16":{"start":{"line":48,"column":2},"end":{"line":50,"column":3}},"17":{"start":{"line":49,"column":4},"end":{"line":49,"column":43}},"18":{"start":{"line":51,"column":2},"end":{"line":53,"column":3}},"19":{"start":{"line":52,"column":4},"end":{"line":52,"column":32}},"20":{"start":{"line":54,"column":2},"end":{"line":54,"column":13}}},"fnMap":{"0":{"name":"hasStarted","decl":{"start":{"line":7,"column":16},"end":{"line":7,"column":26}},"loc":{"start":{"line":10,"column":11},"end":{"line":22,"column":1}},"line":10},"1":{"name":"isExpired","decl":{"start":{"line":23,"column":16},"end":{"line":23,"column":25}},"loc":{"start":{"line":26,"column":11},"end":{"line":40,"column":1}},"line":26},"2":{"name":"getShortUrl","decl":{"start":{"line":42,"column":16},"end":{"line":42,"column":27}},"loc":{"start":{"line":46,"column":10},"end":{"line":55,"column":1}},"line":46}},"branchMap":{"0":{"loc":{"start":{"line":11,"column":2},"end":{"line":15,"column":3}},"type":"if","locations":[{"start":{"line":11,"column":2},"end":{"line":15,"column":3}},{"start":{},"end":{}}],"line":11},"1":{"loc":{"start":{"line":12,"column":4},"end":{"line":14,"column":5}},"type":"if","locations":[{"start":{"line":12,"column":4},"end":{"line":14,"column":5}},{"start":{},"end":{}}],"line":12},"2":{"loc":{"start":{"line":16,"column":2},"end":{"line":20,"column":3}},"type":"if","locations":[{"start":{"line":16,"column":2},"end":{"line":20,"column":3}},{"start":{},"end":{}}],"line":16},"3":{"loc":{"start":{"line":17,"column":4},"end":{"line":19,"column":5}},"type":"if","locations":[{"start":{"line":17,"column":4},"end":{"line":19,"column":5}},{"start":{},"end":{}}],"line":17},"4":{"loc":{"start":{"line":27,"column":2},"end":{"line":31,"column":3}},"type":"if","locations":[{"start":{"line":27,"column":2},"end":{"line":31,"column":3}},{"start":{},"end":{}}],"line":27},"5":{"loc":{"start":{"line":28,"column":4},"end":{"line":30,"column":5}},"type":"if","locations":[{"start":{"line":28,"column":4},"end":{"line":30,"column":5}},{"start":{},"end":{}}],"line":28},"6":{"loc":{"start":{"line":32,"column":2},"end":{"line":38,"column":3}},"type":"if","locations":[{"start":{"line":32,"column":2},"end":{"line":38,"column":3}},{"start":{},"end":{}}],"line":32},"7":{"loc":{"start":{"line":33,"column":4},"end":{"line":37,"column":5}},"type":"if","locations":[{"start":{"line":33,"column":4},"end":{"line":37,"column":5}},{"start":{},"end":{}}],"line":33},"8":{"loc":{"start":{"line":35,"column":53},"end":{"line":35,"column":75}},"type":"binary-expr","locations":[{"start":{"line":35,"column":53},"end":{"line":35,"column":70}},{"start":{"line":35,"column":74},"end":{"line":35,"column":75}}],"line":35},"9":{"loc":{"start":{"line":48,"column":2},"end":{"line":50,"column":3}},"type":"if","locations":[{"start":{"line":48,"column":2},"end":{"line":50,"column":3}},{"start":{},"end":{}}],"line":48},"10":{"loc":{"start":{"line":51,"column":2},"end":{"line":53,"column":3}},"type":"if","locations":[{"start":{"line":51,"column":2},"end":{"line":53,"column":3}},{"start":{},"end":{}}],"line":51}},"s":{"0":0,"1":0,"2":0,"3":0,"4":0,"5":0,"6":0,"7":0,"8":0,"9":0,"10":0,"11":0,"12":0,"13":0,"14":0,"15":0,"16":0,"17":0,"18":0,"19":0,"20":0},"f":{"0":0,"1":0,"2":0},"b":{"0":[0,0],"1":[0,0],"2":[0,0],"3":[0,0],"4":[0,0],"5":[0,0],"6":[0,0],"7":[0,0],"8":[0,0],"9":[0,0],"10":[0,0]}}
,"/private/var/folders/fk/890t3kgx75z_qsr9t6v3c_x40000gn/T/vibe-kanban/worktrees/55a4-create-baseline/trybe-rn/lib/hooks/useCheckInPrompt.ts": {"path":"/private/var/folders/fk/890t3kgx75z_qsr9t6v3c_x40000gn/T/vibe-kanban/worktrees/55a4-create-baseline/trybe-rn/lib/hooks/useCheckInPrompt.ts","statementMap":{"0":{"start":{"line":17,"column":36},"end":{"line":17,"column":52}},"1":{"start":{"line":18,"column":26},"end":{"line":18,"column":56}},"2":{"start":{"line":19,"column":40},"end":{"line":19,"column":55}},"3":{"start":{"line":22,"column":29},"end":{"line":39,"column":4}},"4":{"start":{"line":28,"column":6},"end":{"line":28,"column":38}},"5":{"start":{"line":28,"column":28},"end":{"line":28,"column":38}},"6":{"start":{"line":29,"column":20},"end":{"line":29,"column":36}},"7":{"start":{"line":30,"column":6},"end":{"line":35,"column":8}},"8":{"start":{"line":41,"column":2},"end":{"line":69,"column":42}},"9":{"start":{"line":46,"column":4},"end":{"line":48,"column":5}},"10":{"start":{"line":47,"column":6},"end":{"line":47,"column":13}},"11":{"start":{"line":51,"column":30},"end":{"line":59,"column":6}},"12":{"start":{"line":52,"column":26},"end":{"line":52,"column":53}},"13":{"start":{"line":53,"column":20},"end":{"line":53,"column":30}},"14":{"start":{"line":54,"column":6},"end":{"line":58,"column":8}},"15":{"start":{"line":62,"column":4},"end":{"line":68,"column":5}},"16":{"start":{"line":64,"column":6},"end":{"line":66,"column":14}},"17":{"start":{"line":65,"column":8},"end":{"line":65,"column":43}},"18":{"start":{"line":67,"column":6},"end":{"line":67,"column":27}},"19":{"start":{"line":71,"column":2},"end":{"line":71,"column":29}}},"fnMap":{"0":{"name":"useCheckInPrompt","decl":{"start":{"line":13,"column":16},"end":{"line":13,"column":32}},"loc":{"start":{"line":16,"column":2},"end":{"line":72,"column":1}},"line":16},"1":{"name":"(anonymous_1)","decl":{"start":{"line":27,"column":13},"end":{"line":27,"column":14}},"loc":{"start":{"line":27,"column":25},"end":{"line":36,"column":5}},"line":27},"2":{"name":"(anonymous_2)","decl":{"start":{"line":41,"column":12},"end":{"line":41,"column":13}},"loc":{"start":{"line":41,"column":18},"end":{"line":69,"column":3}},"line":41},"3":{"name":"(anonymous_3)","decl":{"start":{"line":51,"column":44},"end":{"line":51,"column":45}},"loc":{"start":{"line":51,"column":57},"end":{"line":59,"column":5}},"line":51},"4":{"name":"(anonymous_4)","decl":{"start":{"line":64,"column":17},"end":{"line":64,"column":18}},"loc":{"start":{"line":64,"column":23},"end":{"line":66,"column":7}},"line":64}},"branchMap":{"0":{"loc":{"start":{"line":25,"column":6},"end":{"line":25,"column":39}},"type":"binary-expr","locations":[{"start":{"line":25,"column":6},"end":{"line":25,"column":33}},{"start":{"line":25,"column":37},"end":{"line":25,"column":39}}],"line":25},"1":{"loc":{"start":{"line":28,"column":6},"end":{"line":28,"column":38}},"type":"if","locations":[{"start":{"line":28,"column":6},"end":{"line":28,"column":38}},{"start":{},"end":{}}],"line":28},"2":{"loc":{"start":{"line":37,"column":13},"end":{"line":37,"column":46}},"type":"binary-expr","locations":[{"start":{"line":37,"column":13},"end":{"line":37,"column":25}},{"start":{"line":37,"column":29},"end":{"line":37,"column":46}}],"line":37},"3":{"loc":{"start":{"line":46,"column":4},"end":{"line":48,"column":5}},"type":"if","locations":[{"start":{"line":46,"column":4},"end":{"line":48,"column":5}},{"start":{},"end":{}}],"line":46},"4":{"loc":{"start":{"line":46,"column":8},"end":{"line":46,"column":47}},"type":"binary-expr","locations":[{"start":{"line":46,"column":8},"end":{"line":46,"column":19}},{"start":{"line":46,"column":23},"end":{"line":46,"column":34}},{"start":{"line":46,"column":38},"end":{"line":46,"column":47}}],"line":46},"5":{"loc":{"start":{"line":55,"column":8},"end":{"line":57,"column":57}},"type":"binary-expr","locations":[{"start":{"line":55,"column":8},"end":{"line":55,"column":49}},{"start":{"line":56,"column":8},"end":{"line":56,"column":51}},{"start":{"line":57,"column":8},"end":{"line":57,"column":57}}],"line":55},"6":{"loc":{"start":{"line":62,"column":4},"end":{"line":68,"column":5}},"type":"if","locations":[{"start":{"line":62,"column":4},"end":{"line":68,"column":5}},{"start":{},"end":{}}],"line":62}},"s":{"0":0,"1":0,"2":0,"3":0,"4":0,"5":0,"6":0,"7":0,"8":0,"9":0,"10":0,"11":0,"12":0,"13":0,"14":0,"15":0,"16":0,"17":0,"18":0,"19":0},"f":{"0":0,"1":0,"2":0,"3":0,"4":0},"b":{"0":[0,0],"1":[0,0],"2":[0,0],"3":[0,0],"4":[0,0,0],"5":[0,0,0],"6":[0,0]}}
,"/private/var/folders/fk/890t3kgx75z_qsr9t6v3c_x40000gn/T/vibe-kanban/worktrees/55a4-create-baseline/trybe-rn/store/store.ts": {"path":"/private/var/folders/fk/890t3kgx75z_qsr9t6v3c_x40000gn/T/vibe-kanban/worktrees/55a4-create-baseline/trybe-rn/store/store.ts","statementMap":{"0":{"start":{"line":10,"column":24},"end":{"line":15,"column":3}},"1":{"start":{"line":10,"column":52},"end":{"line":15,"column":1}},"2":{"start":{"line":12,"column":28},"end":{"line":12,"column":72}},"3":{"start":{"line":12,"column":44},"end":{"line":12,"column":70}},"4":{"start":{"line":13,"column":24},"end":{"line":13,"column":41}},"5":{"start":{"line":14,"column":29},"end":{"line":14,"column":53}}},"fnMap":{"0":{"name":"(anonymous_0)","decl":{"start":{"line":10,"column":42},"end":{"line":10,"column":43}},"loc":{"start":{"line":10,"column":52},"end":{"line":15,"column":1}},"line":10},"1":{"name":"(anonymous_1)","decl":{"start":{"line":12,"column":22},"end":{"line":12,"column":23}},"loc":{"start":{"line":12,"column":28},"end":{"line":12,"column":72}},"line":12},"2":{"name":"(anonymous_2)","decl":{"start":{"line":12,"column":32},"end":{"line":12,"column":33}},"loc":{"start":{"line":12,"column":44},"end":{"line":12,"column":70}},"line":12},"3":{"name":"(anonymous_3)","decl":{"start":{"line":13,"column":18},"end":{"line":13,"column":19}},"loc":{"start":{"line":13,"column":24},"end":{"line":13,"column":41}},"line":13},"4":{"name":"(anonymous_4)","decl":{"start":{"line":14,"column":15},"end":{"line":14,"column":16}},"loc":{"start":{"line":14,"column":29},"end":{"line":14,"column":53}},"line":14}},"branchMap":{},"s":{"0":0,"1":0,"2":0,"3":0,"4":0,"5":0},"f":{"0":0,"1":0,"2":0,"3":0,"4":0},"b":{}}
,"/private/var/folders/fk/890t3kgx75z_qsr9t6v3c_x40000gn/T/vibe-kanban/worktrees/55a4-create-baseline/trybe-rn/theme/colors.ts": {"path":"/private/var/folders/fk/890t3kgx75z_qsr9t6v3c_x40000gn/T/vibe-kanban/worktrees/55a4-create-baseline/trybe-rn/theme/colors.ts","statementMap":{"0":{"start":{"line":3,"column":26},"end":{"line":34,"column":10}},"1":{"start":{"line":36,"column":23},"end":{"line":67,"column":10}},"2":{"start":{"line":69,"column":15},"end":{"line":69,"column":73}}},"fnMap":{},"branchMap":{"0":{"loc":{"start":{"line":69,"column":15},"end":{"line":69,"column":73}},"type":"cond-expr","locations":[{"start":{"line":69,"column":39},"end":{"line":69,"column":56}},{"start":{"line":69,"column":59},"end":{"line":69,"column":73}}],"line":69}},"s":{"0":0,"1":0,"2":0},"f":{},"b":{"0":[0,0]}}
,"/private/var/folders/fk/890t3kgx75z_qsr9t6v3c_x40000gn/T/vibe-kanban/worktrees/55a4-create-baseline/trybe-rn/theme/index.ts": {"path":"/private/var/folders/fk/890t3kgx75z_qsr9t6v3c_x40000gn/T/vibe-kanban/worktrees/55a4-create-baseline/trybe-rn/theme/index.ts","statementMap":{"0":{"start":{"line":5,"column":49},"end":{"line":30,"column":1}}},"fnMap":{},"branchMap":{},"s":{"0":0},"f":{},"b":{}}
}
